{"/Users/caleb/Desktop/GitHub/project404/aza/src/crypto/codec.ts": {"path":"/Users/caleb/Desktop/GitHub/project404/aza/src/crypto/codec.ts","statementMap":{"0":{"start":{"line":6,"column":24},"end":{"line":6,"column":90}},"1":{"start":{"line":9,"column":12},"end":{"line":9,"column":14}},"2":{"start":{"line":10,"column":2},"end":{"line":18,"column":3}},"3":{"start":{"line":10,"column":15},"end":{"line":10,"column":16}},"4":{"start":{"line":11,"column":15},"end":{"line":11,"column":24}},"5":{"start":{"line":12,"column":15},"end":{"line":12,"column":55}},"6":{"start":{"line":13,"column":15},"end":{"line":13,"column":55}},"7":{"start":{"line":14,"column":4},"end":{"line":14,"column":36}},"8":{"start":{"line":15,"column":4},"end":{"line":15,"column":59}},"9":{"start":{"line":16,"column":4},"end":{"line":16,"column":88}},"10":{"start":{"line":17,"column":4},"end":{"line":17,"column":67}},"11":{"start":{"line":19,"column":2},"end":{"line":19,"column":13}},"12":{"start":{"line":23,"column":16},"end":{"line":23,"column":51}},"13":{"start":{"line":24,"column":14},"end":{"line":24,"column":68}},"14":{"start":{"line":25,"column":14},"end":{"line":25,"column":42}},"15":{"start":{"line":26,"column":14},"end":{"line":26,"column":33}},"16":{"start":{"line":27,"column":10},"end":{"line":27,"column":11}},"17":{"start":{"line":28,"column":2},"end":{"line":37,"column":3}},"18":{"start":{"line":28,"column":15},"end":{"line":28,"column":16}},"19":{"start":{"line":29,"column":15},"end":{"line":29,"column":49}},"20":{"start":{"line":30,"column":15},"end":{"line":30,"column":53}},"21":{"start":{"line":31,"column":15},"end":{"line":31,"column":53}},"22":{"start":{"line":32,"column":15},"end":{"line":32,"column":53}},"23":{"start":{"line":33,"column":14},"end":{"line":33,"column":68}},"24":{"start":{"line":34,"column":4},"end":{"line":34,"column":45}},"25":{"start":{"line":34,"column":17},"end":{"line":34,"column":45}},"26":{"start":{"line":35,"column":4},"end":{"line":35,"column":44}},"27":{"start":{"line":35,"column":17},"end":{"line":35,"column":44}},"28":{"start":{"line":36,"column":4},"end":{"line":36,"column":37}},"29":{"start":{"line":36,"column":17},"end":{"line":36,"column":37}},"30":{"start":{"line":38,"column":2},"end":{"line":38,"column":13}},"31":{"start":{"line":41,"column":20},"end":{"line":41,"column":37}},"32":{"start":{"line":42,"column":20},"end":{"line":42,"column":44}},"33":{"start":{"line":44,"column":27},"end":{"line":44,"column":75}},"34":{"start":{"line":44,"column":54},"end":{"line":44,"column":75}},"35":{"start":{"line":45,"column":27},"end":{"line":45,"column":75}},"36":{"start":{"line":45,"column":54},"end":{"line":45,"column":75}},"37":{"start":{"line":49,"column":2},"end":{"line":49,"column":42}},"38":{"start":{"line":49,"column":29},"end":{"line":49,"column":42}},"39":{"start":{"line":50,"column":13},"end":{"line":50,"column":14}},"40":{"start":{"line":51,"column":2},"end":{"line":51,"column":59}},"41":{"start":{"line":51,"column":15},"end":{"line":51,"column":16}},"42":{"start":{"line":51,"column":37},"end":{"line":51,"column":59}},"43":{"start":{"line":52,"column":2},"end":{"line":52,"column":20}}},"fnMap":{"0":{"name":"bytesToBase64","decl":{"start":{"line":8,"column":16},"end":{"line":8,"column":29}},"loc":{"start":{"line":8,"column":57},"end":{"line":20,"column":1}},"line":8},"1":{"name":"base64ToBytes","decl":{"start":{"line":22,"column":16},"end":{"line":22,"column":29}},"loc":{"start":{"line":22,"column":55},"end":{"line":39,"column":1}},"line":22},"2":{"name":"(anonymous_2)","decl":{"start":{"line":44,"column":27},"end":{"line":44,"column":28}},"loc":{"start":{"line":44,"column":54},"end":{"line":44,"column":75}},"line":44},"3":{"name":"(anonymous_3)","decl":{"start":{"line":45,"column":27},"end":{"line":45,"column":28}},"loc":{"start":{"line":45,"column":54},"end":{"line":45,"column":75}},"line":45},"4":{"name":"constantTimeEqual","decl":{"start":{"line":48,"column":16},"end":{"line":48,"column":33}},"loc":{"start":{"line":48,"column":73},"end":{"line":53,"column":1}},"line":48}},"branchMap":{"0":{"loc":{"start":{"line":12,"column":15},"end":{"line":12,"column":55}},"type":"cond-expr","locations":[{"start":{"line":12,"column":38},"end":{"line":12,"column":51}},{"start":{"line":12,"column":54},"end":{"line":12,"column":55}}],"line":12},"1":{"loc":{"start":{"line":13,"column":15},"end":{"line":13,"column":55}},"type":"cond-expr","locations":[{"start":{"line":13,"column":38},"end":{"line":13,"column":51}},{"start":{"line":13,"column":54},"end":{"line":13,"column":55}}],"line":13},"2":{"loc":{"start":{"line":16,"column":11},"end":{"line":16,"column":87}},"type":"cond-expr","locations":[{"start":{"line":16,"column":34},"end":{"line":16,"column":81}},{"start":{"line":16,"column":84},"end":{"line":16,"column":87}}],"line":16},"3":{"loc":{"start":{"line":17,"column":11},"end":{"line":17,"column":66}},"type":"cond-expr","locations":[{"start":{"line":17,"column":34},"end":{"line":17,"column":60}},{"start":{"line":17,"column":63},"end":{"line":17,"column":66}}],"line":17},"4":{"loc":{"start":{"line":24,"column":14},"end":{"line":24,"column":68}},"type":"cond-expr","locations":[{"start":{"line":24,"column":37},"end":{"line":24,"column":38}},{"start":{"line":24,"column":41},"end":{"line":24,"column":68}}],"line":24},"5":{"loc":{"start":{"line":24,"column":41},"end":{"line":24,"column":68}},"type":"cond-expr","locations":[{"start":{"line":24,"column":63},"end":{"line":24,"column":64}},{"start":{"line":24,"column":67},"end":{"line":24,"column":68}}],"line":24},"6":{"loc":{"start":{"line":34,"column":4},"end":{"line":34,"column":45}},"type":"if","locations":[{"start":{"line":34,"column":4},"end":{"line":34,"column":45}},{"start":{},"end":{}}],"line":34},"7":{"loc":{"start":{"line":35,"column":4},"end":{"line":35,"column":44}},"type":"if","locations":[{"start":{"line":35,"column":4},"end":{"line":35,"column":44}},{"start":{},"end":{}}],"line":35},"8":{"loc":{"start":{"line":36,"column":4},"end":{"line":36,"column":37}},"type":"if","locations":[{"start":{"line":36,"column":4},"end":{"line":36,"column":37}},{"start":{},"end":{}}],"line":36},"9":{"loc":{"start":{"line":49,"column":2},"end":{"line":49,"column":42}},"type":"if","locations":[{"start":{"line":49,"column":2},"end":{"line":49,"column":42}},{"start":{},"end":{}}],"line":49}},"s":{"0":5,"1":75,"2":75,"3":75,"4":1243,"5":1243,"6":1243,"7":1243,"8":1243,"9":1243,"10":1243,"11":75,"12":48,"13":48,"14":48,"15":48,"16":48,"17":48,"18":48,"19":859,"20":859,"21":859,"22":859,"23":859,"24":859,"25":859,"26":859,"27":853,"28":859,"29":817,"30":48,"31":5,"32":5,"33":5,"34":146,"35":5,"36":10,"37":0,"38":0,"39":0,"40":0,"41":0,"42":0,"43":0},"f":{"0":75,"1":48,"2":146,"3":10,"4":0},"b":{"0":[1236,7],"1":[1171,72],"2":[1236,7],"3":[1171,72],"4":[6,42],"5":[35,7],"6":[859,0],"7":[853,6],"8":[817,42],"9":[0,0]},"_coverageSchema":"1a1c01bbd47fc00a2c39e90264f33305004495a9","hash":"381372aeb5dafdd98f5d162e078cfed39b967f9c"}
,"/Users/caleb/Desktop/GitHub/project404/aza/src/crypto/e2ee.ts": {"path":"/Users/caleb/Desktop/GitHub/project404/aza/src/crypto/e2ee.ts","statementMap":{"0":{"start":{"line":58,"column":35},"end":{"line":58,"column":50}},"1":{"start":{"line":59,"column":2},"end":{"line":59,"column":46}},"2":{"start":{"line":64,"column":35},"end":{"line":64,"column":51}},"3":{"start":{"line":65,"column":2},"end":{"line":65,"column":46}},"4":{"start":{"line":70,"column":2},"end":{"line":70,"column":43}},"5":{"start":{"line":79,"column":2},"end":{"line":83,"column":3}},"6":{"start":{"line":80,"column":4},"end":{"line":80,"column":57}},"7":{"start":{"line":82,"column":4},"end":{"line":82,"column":17}},"8":{"start":{"line":88,"column":2},"end":{"line":88,"column":56}},"9":{"start":{"line":97,"column":2},"end":{"line":97,"column":65}},"10":{"start":{"line":121,"column":2},"end":{"line":125,"column":3}},"11":{"start":{"line":122,"column":4},"end":{"line":124,"column":6}},"12":{"start":{"line":128,"column":20},"end":{"line":133,"column":4}},"13":{"start":{"line":134,"column":2},"end":{"line":134,"column":32}},"14":{"start":{"line":141,"column":2},"end":{"line":141,"column":45}},"15":{"start":{"line":158,"column":67},"end":{"line":158,"column":71}},"16":{"start":{"line":160,"column":20},"end":{"line":160,"column":36}},"17":{"start":{"line":161,"column":2},"end":{"line":182,"column":3}},"18":{"start":{"line":162,"column":25},"end":{"line":162,"column":90}},"19":{"start":{"line":163,"column":17},"end":{"line":163,"column":49}},"20":{"start":{"line":164,"column":19},"end":{"line":164,"column":80}},"21":{"start":{"line":166,"column":18},"end":{"line":166,"column":33}},"22":{"start":{"line":167,"column":16},"end":{"line":167,"column":84}},"23":{"start":{"line":168,"column":19},"end":{"line":168,"column":42}},"24":{"start":{"line":169,"column":19},"end":{"line":169,"column":57}},"25":{"start":{"line":171,"column":16},"end":{"line":171,"column":60}},"26":{"start":{"line":172,"column":4},"end":{"line":172,"column":22}},"27":{"start":{"line":173,"column":4},"end":{"line":173,"column":34}},"28":{"start":{"line":175,"column":4},"end":{"line":178,"column":6}},"29":{"start":{"line":181,"column":4},"end":{"line":181,"column":33}},"30":{"start":{"line":201,"column":2},"end":{"line":232,"column":3}},"31":{"start":{"line":202,"column":63},"end":{"line":202,"column":67}},"32":{"start":{"line":203,"column":25},"end":{"line":203,"column":67}},"33":{"start":{"line":204,"column":17},"end":{"line":204,"column":51}},"34":{"start":{"line":205,"column":4},"end":{"line":205,"column":43}},"35":{"start":{"line":205,"column":31},"end":{"line":205,"column":43}},"36":{"start":{"line":207,"column":18},"end":{"line":207,"column":35}},"37":{"start":{"line":208,"column":23},"end":{"line":208,"column":37}},"38":{"start":{"line":209,"column":25},"end":{"line":209,"column":77}},"39":{"start":{"line":210,"column":17},"end":{"line":210,"column":42}},"40":{"start":{"line":213,"column":65},"end":{"line":219,"column":5}},"41":{"start":{"line":220,"column":4},"end":{"line":228,"column":5}},"42":{"start":{"line":221,"column":21},"end":{"line":221,"column":59}},"43":{"start":{"line":222,"column":6},"end":{"line":227,"column":7}},"44":{"start":{"line":223,"column":26},"end":{"line":223,"column":69}},"45":{"start":{"line":224,"column":8},"end":{"line":224,"column":38}},"46":{"start":{"line":229,"column":4},"end":{"line":229,"column":16}},"47":{"start":{"line":231,"column":4},"end":{"line":231,"column":16}},"48":{"start":{"line":244,"column":4},"end":{"line":246,"column":41}},"49":{"start":{"line":247,"column":17},"end":{"line":247,"column":52}},"50":{"start":{"line":248,"column":2},"end":{"line":248,"column":19}},"51":{"start":{"line":249,"column":2},"end":{"line":249,"column":26}},"52":{"start":{"line":250,"column":17},"end":{"line":250,"column":31}},"53":{"start":{"line":253,"column":15},"end":{"line":253,"column":17}},"54":{"start":{"line":254,"column":2},"end":{"line":258,"column":3}},"55":{"start":{"line":254,"column":15},"end":{"line":254,"column":16}},"56":{"start":{"line":255,"column":16},"end":{"line":255,"column":18}},"57":{"start":{"line":256,"column":4},"end":{"line":256,"column":79}},"58":{"start":{"line":256,"column":17},"end":{"line":256,"column":18}},"59":{"start":{"line":256,"column":32},"end":{"line":256,"column":79}},"60":{"start":{"line":257,"column":4},"end":{"line":257,"column":59}},"61":{"start":{"line":259,"column":2},"end":{"line":259,"column":31}},"62":{"start":{"line":260,"column":2},"end":{"line":260,"column":44}},"63":{"start":{"line":264,"column":14},"end":{"line":264,"column":42}},"64":{"start":{"line":265,"column":2},"end":{"line":267,"column":3}},"65":{"start":{"line":265,"column":15},"end":{"line":265,"column":16}},"66":{"start":{"line":266,"column":4},"end":{"line":266,"column":46}},"67":{"start":{"line":266,"column":25},"end":{"line":266,"column":46}},"68":{"start":{"line":268,"column":2},"end":{"line":268,"column":29}},"69":{"start":{"line":284,"column":14},"end":{"line":284,"column":15}},"70":{"start":{"line":285,"column":2},"end":{"line":285,"column":43}},"71":{"start":{"line":285,"column":25},"end":{"line":285,"column":43}},"72":{"start":{"line":286,"column":14},"end":{"line":286,"column":35}},"73":{"start":{"line":287,"column":12},"end":{"line":287,"column":13}},"74":{"start":{"line":288,"column":2},"end":{"line":291,"column":3}},"75":{"start":{"line":289,"column":4},"end":{"line":289,"column":20}},"76":{"start":{"line":290,"column":4},"end":{"line":290,"column":20}},"77":{"start":{"line":292,"column":2},"end":{"line":292,"column":13}},"78":{"start":{"line":297,"column":2},"end":{"line":297,"column":50}},"79":{"start":{"line":302,"column":2},"end":{"line":302,"column":50}},"80":{"start":{"line":307,"column":2},"end":{"line":307,"column":50}},"81":{"start":{"line":316,"column":2},"end":{"line":316,"column":51}},"82":{"start":{"line":325,"column":2},"end":{"line":332,"column":4}},"83":{"start":{"line":352,"column":62},"end":{"line":352,"column":66}},"84":{"start":{"line":353,"column":20},"end":{"line":353,"column":36}},"85":{"start":{"line":354,"column":2},"end":{"line":386,"column":3}},"86":{"start":{"line":355,"column":16},"end":{"line":355,"column":84}},"87":{"start":{"line":356,"column":16},"end":{"line":356,"column":82}},"88":{"start":{"line":357,"column":16},"end":{"line":357,"column":83}},"89":{"start":{"line":359,"column":6},"end":{"line":361,"column":27}},"90":{"start":{"line":366,"column":19},"end":{"line":366,"column":48}},"91":{"start":{"line":367,"column":16},"end":{"line":367,"column":55}},"92":{"start":{"line":368,"column":20},"end":{"line":374,"column":5}},"93":{"start":{"line":377,"column":4},"end":{"line":377,"column":16}},"94":{"start":{"line":378,"column":4},"end":{"line":378,"column":16}},"95":{"start":{"line":379,"column":4},"end":{"line":379,"column":16}},"96":{"start":{"line":380,"column":4},"end":{"line":380,"column":32}},"97":{"start":{"line":380,"column":20},"end":{"line":380,"column":32}},"98":{"start":{"line":381,"column":4},"end":{"line":381,"column":16}},"99":{"start":{"line":383,"column":4},"end":{"line":383,"column":64}},"100":{"start":{"line":385,"column":4},"end":{"line":385,"column":33}},"101":{"start":{"line":411,"column":6},"end":{"line":411,"column":10}},"102":{"start":{"line":418,"column":14},"end":{"line":418,"column":84}},"103":{"start":{"line":419,"column":14},"end":{"line":419,"column":81}},"104":{"start":{"line":420,"column":14},"end":{"line":420,"column":85}},"105":{"start":{"line":422,"column":4},"end":{"line":424,"column":25}},"106":{"start":{"line":426,"column":17},"end":{"line":426,"column":46}},"107":{"start":{"line":427,"column":14},"end":{"line":427,"column":53}},"108":{"start":{"line":428,"column":18},"end":{"line":434,"column":3}},"109":{"start":{"line":436,"column":2},"end":{"line":436,"column":14}},"110":{"start":{"line":437,"column":2},"end":{"line":437,"column":14}},"111":{"start":{"line":438,"column":2},"end":{"line":438,"column":14}},"112":{"start":{"line":439,"column":2},"end":{"line":439,"column":30}},"113":{"start":{"line":439,"column":18},"end":{"line":439,"column":30}},"114":{"start":{"line":440,"column":2},"end":{"line":440,"column":14}},"115":{"start":{"line":442,"column":2},"end":{"line":442,"column":17}},"116":{"start":{"line":468,"column":82},"end":{"line":468,"column":86}},"117":{"start":{"line":470,"column":18},"end":{"line":475,"column":4}},"118":{"start":{"line":476,"column":23},"end":{"line":476,"column":64}},"119":{"start":{"line":478,"column":17},"end":{"line":484,"column":3}},"120":{"start":{"line":485,"column":16},"end":{"line":485,"column":31}},"121":{"start":{"line":486,"column":14},"end":{"line":486,"column":56}},"122":{"start":{"line":487,"column":13},"end":{"line":487,"column":68}},"123":{"start":{"line":489,"column":15},"end":{"line":489,"column":55}},"124":{"start":{"line":490,"column":2},"end":{"line":490,"column":21}},"125":{"start":{"line":491,"column":2},"end":{"line":491,"column":29}},"126":{"start":{"line":493,"column":31},"end":{"line":500,"column":3}},"127":{"start":{"line":501,"column":2},"end":{"line":501,"column":17}},"128":{"start":{"line":502,"column":2},"end":{"line":502,"column":48}},"129":{"start":{"line":523,"column":76},"end":{"line":523,"column":80}},"130":{"start":{"line":524,"column":20},"end":{"line":524,"column":36}},"131":{"start":{"line":525,"column":2},"end":{"line":566,"column":3}},"132":{"start":{"line":526,"column":16},"end":{"line":526,"column":81}},"133":{"start":{"line":527,"column":16},"end":{"line":527,"column":41}},"134":{"start":{"line":530,"column":19},"end":{"line":536,"column":5}},"135":{"start":{"line":538,"column":23},"end":{"line":544,"column":5}},"136":{"start":{"line":546,"column":19},"end":{"line":546,"column":53}},"137":{"start":{"line":547,"column":18},"end":{"line":547,"column":33}},"138":{"start":{"line":548,"column":16},"end":{"line":548,"column":52}},"139":{"start":{"line":549,"column":15},"end":{"line":549,"column":70}},"140":{"start":{"line":551,"column":17},"end":{"line":551,"column":57}},"141":{"start":{"line":552,"column":4},"end":{"line":552,"column":23}},"142":{"start":{"line":553,"column":4},"end":{"line":553,"column":31}},"143":{"start":{"line":555,"column":4},"end":{"line":555,"column":16}},"144":{"start":{"line":556,"column":4},"end":{"line":556,"column":16}},"145":{"start":{"line":557,"column":4},"end":{"line":557,"column":19}},"146":{"start":{"line":560,"column":4},"end":{"line":563,"column":6}},"147":{"start":{"line":565,"column":4},"end":{"line":565,"column":33}},"148":{"start":{"line":588,"column":2},"end":{"line":672,"column":3}},"149":{"start":{"line":597,"column":8},"end":{"line":597,"column":12}},"150":{"start":{"line":599,"column":25},"end":{"line":599,"column":67}},"151":{"start":{"line":600,"column":17},"end":{"line":600,"column":51}},"152":{"start":{"line":601,"column":4},"end":{"line":601,"column":43}},"153":{"start":{"line":601,"column":31},"end":{"line":601,"column":43}},"154":{"start":{"line":602,"column":18},"end":{"line":602,"column":35}},"155":{"start":{"line":603,"column":23},"end":{"line":603,"column":37}},"156":{"start":{"line":604,"column":16},"end":{"line":604,"column":73}},"157":{"start":{"line":606,"column":20},"end":{"line":606,"column":54}},"158":{"start":{"line":608,"column":4},"end":{"line":637,"column":5}},"159":{"start":{"line":609,"column":6},"end":{"line":609,"column":53}},"160":{"start":{"line":609,"column":41},"end":{"line":609,"column":53}},"161":{"start":{"line":610,"column":26},"end":{"line":610,"column":74}},"162":{"start":{"line":611,"column":22},"end":{"line":619,"column":8}},"163":{"start":{"line":620,"column":21},"end":{"line":626,"column":7}},"164":{"start":{"line":627,"column":6},"end":{"line":636,"column":7}},"165":{"start":{"line":628,"column":26},"end":{"line":628,"column":82}},"166":{"start":{"line":629,"column":8},"end":{"line":629,"column":38}},"167":{"start":{"line":632,"column":8},"end":{"line":632,"column":24}},"168":{"start":{"line":633,"column":8},"end":{"line":633,"column":20}},"169":{"start":{"line":635,"column":8},"end":{"line":635,"column":23}},"170":{"start":{"line":640,"column":4},"end":{"line":640,"column":36}},"171":{"start":{"line":640,"column":24},"end":{"line":640,"column":36}},"172":{"start":{"line":641,"column":16},"end":{"line":641,"column":74}},"173":{"start":{"line":642,"column":16},"end":{"line":642,"column":47}},"174":{"start":{"line":643,"column":19},"end":{"line":649,"column":5}},"175":{"start":{"line":651,"column":23},"end":{"line":657,"column":5}},"176":{"start":{"line":658,"column":4},"end":{"line":669,"column":5}},"177":{"start":{"line":659,"column":24},"end":{"line":659,"column":80}},"178":{"start":{"line":661,"column":6},"end":{"line":661,"column":48}},"179":{"start":{"line":663,"column":6},"end":{"line":663,"column":25}},"180":{"start":{"line":664,"column":6},"end":{"line":664,"column":18}},"181":{"start":{"line":666,"column":6},"end":{"line":666,"column":18}},"182":{"start":{"line":667,"column":6},"end":{"line":667,"column":18}},"183":{"start":{"line":668,"column":6},"end":{"line":668,"column":21}},"184":{"start":{"line":671,"column":4},"end":{"line":671,"column":16}}},"fnMap":{"0":{"name":"generateX25519","decl":{"start":{"line":57,"column":16},"end":{"line":57,"column":30}},"loc":{"start":{"line":57,"column":45},"end":{"line":60,"column":1}},"line":57},"1":{"name":"generateEd25519","decl":{"start":{"line":63,"column":16},"end":{"line":63,"column":31}},"loc":{"start":{"line":63,"column":47},"end":{"line":66,"column":1}},"line":63},"2":{"name":"signEd25519","decl":{"start":{"line":69,"column":16},"end":{"line":69,"column":27}},"loc":{"start":{"line":69,"column":85},"end":{"line":71,"column":1}},"line":69},"3":{"name":"verifyEd25519","decl":{"start":{"line":74,"column":16},"end":{"line":74,"column":29}},"loc":{"start":{"line":78,"column":11},"end":{"line":84,"column":1}},"line":78},"4":{"name":"deriveSharedSecret","decl":{"start":{"line":87,"column":16},"end":{"line":87,"column":34}},"loc":{"start":{"line":87,"column":95},"end":{"line":89,"column":1}},"line":87},"5":{"name":"deriveAesKey","decl":{"start":{"line":92,"column":16},"end":{"line":92,"column":28}},"loc":{"start":{"line":96,"column":14},"end":{"line":98,"column":1}},"line":96},"6":{"name":"buildAad","decl":{"start":{"line":115,"column":9},"end":{"line":115,"column":17}},"loc":{"start":{"line":120,"column":14},"end":{"line":135,"column":1}},"line":120},"7":{"name":"buildInfo","decl":{"start":{"line":137,"column":9},"end":{"line":137,"column":18}},"loc":{"start":{"line":137,"column":61},"end":{"line":142,"column":1}},"line":137},"8":{"name":"encryptForRecipient","decl":{"start":{"line":152,"column":16},"end":{"line":152,"column":35}},"loc":{"start":{"line":157,"column":22},"end":{"line":183,"column":1}},"line":157},"9":{"name":"decryptFromSender","decl":{"start":{"line":195,"column":16},"end":{"line":195,"column":33}},"loc":{"start":{"line":200,"column":18},"end":{"line":233,"column":1}},"line":200},"10":{"name":"safetyNumber","decl":{"start":{"line":241,"column":16},"end":{"line":241,"column":28}},"loc":{"start":{"line":241,"column":94},"end":{"line":261,"column":1}},"line":241},"11":{"name":"compareBytes","decl":{"start":{"line":263,"column":9},"end":{"line":263,"column":21}},"loc":{"start":{"line":263,"column":60},"end":{"line":269,"column":1}},"line":263},"12":{"name":"concatBytes","decl":{"start":{"line":283,"column":9},"end":{"line":283,"column":20}},"loc":{"start":{"line":283,"column":57},"end":{"line":293,"column":1}},"line":283},"13":{"name":"buildRootInfo","decl":{"start":{"line":296,"column":9},"end":{"line":296,"column":22}},"loc":{"start":{"line":296,"column":65},"end":{"line":298,"column":1}},"line":296},"14":{"name":"buildMsg0Info","decl":{"start":{"line":301,"column":9},"end":{"line":301,"column":22}},"loc":{"start":{"line":301,"column":65},"end":{"line":303,"column":1}},"line":301},"15":{"name":"buildMsgNInfo","decl":{"start":{"line":306,"column":9},"end":{"line":306,"column":22}},"loc":{"start":{"line":306,"column":65},"end":{"line":308,"column":1}},"line":306},"16":{"name":"buildChainInfo","decl":{"start":{"line":315,"column":9},"end":{"line":315,"column":23}},"loc":{"start":{"line":315,"column":66},"end":{"line":317,"column":1}},"line":315},"17":{"name":"buildAadV3","decl":{"start":{"line":320,"column":9},"end":{"line":320,"column":19}},"loc":{"start":{"line":324,"column":14},"end":{"line":333,"column":1}},"line":324},"18":{"name":"establishSessionAsSender","decl":{"start":{"line":343,"column":16},"end":{"line":343,"column":40}},"loc":{"start":{"line":351,"column":2},"end":{"line":387,"column":1}},"line":351},"19":{"name":"establishSessionAsRecipient","decl":{"start":{"line":394,"column":16},"end":{"line":394,"column":43}},"loc":{"start":{"line":402,"column":15},"end":{"line":443,"column":1}},"line":402},"20":{"name":"encryptFirstMessageV3","decl":{"start":{"line":461,"column":16},"end":{"line":461,"column":37}},"loc":{"start":{"line":467,"column":50},"end":{"line":503,"column":1}},"line":467},"21":{"name":"encryptFollowupMessageV3","decl":{"start":{"line":516,"column":16},"end":{"line":516,"column":40}},"loc":{"start":{"line":522,"column":53},"end":{"line":567,"column":1}},"line":522},"22":{"name":"decryptV3","decl":{"start":{"line":575,"column":16},"end":{"line":575,"column":25}},"loc":{"start":{"line":587,"column":55},"end":{"line":673,"column":1}},"line":587}},"branchMap":{"0":{"loc":{"start":{"line":121,"column":2},"end":{"line":125,"column":3}},"type":"if","locations":[{"start":{"line":121,"column":2},"end":{"line":125,"column":3}},{"start":{},"end":{}}],"line":121},"1":{"loc":{"start":{"line":205,"column":4},"end":{"line":205,"column":43}},"type":"if","locations":[{"start":{"line":205,"column":4},"end":{"line":205,"column":43}},{"start":{},"end":{}}],"line":205},"2":{"loc":{"start":{"line":244,"column":4},"end":{"line":246,"column":41}},"type":"cond-expr","locations":[{"start":{"line":245,"column":8},"end":{"line":245,"column":41}},{"start":{"line":246,"column":8},"end":{"line":246,"column":41}}],"line":244},"3":{"loc":{"start":{"line":254,"column":18},"end":{"line":254,"column":61}},"type":"binary-expr","locations":[{"start":{"line":254,"column":18},"end":{"line":254,"column":36}},{"start":{"line":254,"column":40},"end":{"line":254,"column":61}}],"line":254},"4":{"loc":{"start":{"line":266,"column":4},"end":{"line":266,"column":46}},"type":"if","locations":[{"start":{"line":266,"column":4},"end":{"line":266,"column":46}},{"start":{},"end":{}}],"line":266},"5":{"loc":{"start":{"line":359,"column":6},"end":{"line":361,"column":27}},"type":"cond-expr","locations":[{"start":{"line":360,"column":10},"end":{"line":360,"column":78}},{"start":{"line":361,"column":10},"end":{"line":361,"column":27}}],"line":359},"6":{"loc":{"start":{"line":359,"column":6},"end":{"line":359,"column":73}},"type":"binary-expr","locations":[{"start":{"line":359,"column":6},"end":{"line":359,"column":32}},{"start":{"line":359,"column":36},"end":{"line":359,"column":73}}],"line":359},"7":{"loc":{"start":{"line":380,"column":4},"end":{"line":380,"column":32}},"type":"if","locations":[{"start":{"line":380,"column":4},"end":{"line":380,"column":32}},{"start":{},"end":{}}],"line":380},"8":{"loc":{"start":{"line":422,"column":4},"end":{"line":424,"column":25}},"type":"cond-expr","locations":[{"start":{"line":423,"column":8},"end":{"line":423,"column":71}},{"start":{"line":424,"column":8},"end":{"line":424,"column":25}}],"line":422},"9":{"loc":{"start":{"line":422,"column":4},"end":{"line":422,"column":59}},"type":"binary-expr","locations":[{"start":{"line":422,"column":4},"end":{"line":422,"column":24}},{"start":{"line":422,"column":28},"end":{"line":422,"column":59}}],"line":422},"10":{"loc":{"start":{"line":439,"column":2},"end":{"line":439,"column":30}},"type":"if","locations":[{"start":{"line":439,"column":2},"end":{"line":439,"column":30}},{"start":{},"end":{}}],"line":439},"11":{"loc":{"start":{"line":497,"column":8},"end":{"line":499,"column":10}},"type":"cond-expr","locations":[{"start":{"line":498,"column":8},"end":{"line":498,"column":53}},{"start":{"line":499,"column":8},"end":{"line":499,"column":10}}],"line":497},"12":{"loc":{"start":{"line":601,"column":4},"end":{"line":601,"column":43}},"type":"if","locations":[{"start":{"line":601,"column":4},"end":{"line":601,"column":43}},{"start":{},"end":{}}],"line":601},"13":{"loc":{"start":{"line":608,"column":4},"end":{"line":637,"column":5}},"type":"if","locations":[{"start":{"line":608,"column":4},"end":{"line":637,"column":5}},{"start":{},"end":{}}],"line":608},"14":{"loc":{"start":{"line":609,"column":6},"end":{"line":609,"column":53}},"type":"if","locations":[{"start":{"line":609,"column":6},"end":{"line":609,"column":53}},{"start":{},"end":{}}],"line":609},"15":{"loc":{"start":{"line":614,"column":30},"end":{"line":614,"column":58}},"type":"binary-expr","locations":[{"start":{"line":614,"column":30},"end":{"line":614,"column":50}},{"start":{"line":614,"column":54},"end":{"line":614,"column":58}}],"line":614},"16":{"loc":{"start":{"line":640,"column":4},"end":{"line":640,"column":36}},"type":"if","locations":[{"start":{"line":640,"column":4},"end":{"line":640,"column":36}},{"start":{},"end":{}}],"line":640}},"s":{"0":100,"1":100,"2":0,"3":0,"4":0,"5":0,"6":0,"7":0,"8":101,"9":17,"10":18,"11":6,"12":12,"13":12,"14":12,"15":6,"16":6,"17":6,"18":6,"19":6,"20":6,"21":6,"22":6,"23":6,"24":6,"25":6,"26":6,"27":6,"28":6,"29":6,"30":8,"31":8,"32":8,"33":8,"34":8,"35":2,"36":6,"37":6,"38":6,"39":6,"40":6,"41":6,"42":11,"43":11,"44":11,"45":1,"46":5,"47":0,"48":5,"49":5,"50":5,"51":5,"52":5,"53":5,"54":5,"55":5,"56":25,"57":25,"58":25,"59":125,"60":25,"61":5,"62":5,"63":5,"64":5,"65":5,"66":5,"67":5,"68":0,"69":28,"70":28,"71":125,"72":28,"73":28,"74":28,"75":125,"76":125,"77":28,"78":23,"79":17,"80":5,"81":5,"82":23,"83":16,"84":16,"85":16,"86":16,"87":16,"88":16,"89":16,"90":16,"91":16,"92":16,"93":16,"94":16,"95":16,"96":16,"97":9,"98":16,"99":16,"100":16,"101":7,"102":7,"103":7,"104":7,"105":7,"106":7,"107":7,"108":7,"109":7,"110":7,"111":7,"112":7,"113":6,"114":7,"115":7,"116":12,"117":12,"118":12,"119":12,"120":12,"121":12,"122":12,"123":12,"124":12,"125":12,"126":12,"127":12,"128":12,"129":3,"130":3,"131":3,"132":3,"133":3,"134":3,"135":3,"136":3,"137":3,"138":3,"139":3,"140":3,"141":3,"142":3,"143":3,"144":3,"145":3,"146":3,"147":3,"148":8,"149":8,"150":8,"151":8,"152":8,"153":0,"154":8,"155":8,"156":8,"157":8,"158":8,"159":5,"160":0,"161":5,"162":5,"163":5,"164":5,"165":5,"166":3,"167":2,"168":2,"169":5,"170":3,"171":1,"172":2,"173":2,"174":2,"175":2,"176":2,"177":2,"178":1,"179":1,"180":1,"181":2,"182":2,"183":2,"184":0},"f":{"0":100,"1":0,"2":0,"3":0,"4":101,"5":17,"6":18,"7":12,"8":6,"9":8,"10":5,"11":5,"12":28,"13":23,"14":17,"15":5,"16":5,"17":23,"18":16,"19":7,"20":12,"21":3,"22":8},"b":{"0":[6,12],"1":[2,6],"2":[2,3],"3":[30,25],"4":[5,0],"5":[9,7],"6":[16,9],"7":[9,7],"8":[6,1],"9":[7,6],"10":[6,1],"11":[6,6],"12":[0,8],"13":[5,3],"14":[0,5],"15":[5,0],"16":[1,2]},"_coverageSchema":"1a1c01bbd47fc00a2c39e90264f33305004495a9","hash":"c1dffcfb77ced125938c286d3768dab18f6600a1"}
,"/Users/caleb/Desktop/GitHub/project404/aza/src/crypto/keystore.ts": {"path":"/Users/caleb/Desktop/GitHub/project404/aza/src/crypto/keystore.ts","statementMap":{"0":{"start":{"line":27,"column":28},"end":{"line":27,"column":67}},"1":{"start":{"line":27,"column":45},"end":{"line":27,"column":67}},"2":{"start":{"line":28,"column":29},"end":{"line":28,"column":68}},"3":{"start":{"line":28,"column":46},"end":{"line":28,"column":68}},"4":{"start":{"line":29,"column":26},"end":{"line":29,"column":64}},"5":{"start":{"line":29,"column":43},"end":{"line":29,"column":64}},"6":{"start":{"line":31,"column":29},"end":{"line":31,"column":70}},"7":{"start":{"line":31,"column":46},"end":{"line":31,"column":70}},"8":{"start":{"line":34,"column":36},"end":{"line":34,"column":79}},"9":{"start":{"line":34,"column":53},"end":{"line":34,"column":79}},"10":{"start":{"line":35,"column":34},"end":{"line":35,"column":80}},"11":{"start":{"line":35,"column":51},"end":{"line":35,"column":80}},"12":{"start":{"line":40,"column":23},"end":{"line":40,"column":66}},"13":{"start":{"line":40,"column":40},"end":{"line":40,"column":66}},"14":{"start":{"line":41,"column":22},"end":{"line":42,"column":38}},"15":{"start":{"line":42,"column":2},"end":{"line":42,"column":38}},"16":{"start":{"line":44,"column":29},"end":{"line":44,"column":73}},"17":{"start":{"line":44,"column":46},"end":{"line":44,"column":73}},"18":{"start":{"line":46,"column":27},"end":{"line":46,"column":29}},"19":{"start":{"line":48,"column":23},"end":{"line":48,"column":46}},"20":{"start":{"line":50,"column":21},"end":{"line":50,"column":45}},"21":{"start":{"line":51,"column":52},"end":{"line":55,"column":1}},"22":{"start":{"line":60,"column":14},"end":{"line":60,"column":62}},"23":{"start":{"line":61,"column":2},"end":{"line":61,"column":24}},"24":{"start":{"line":61,"column":12},"end":{"line":61,"column":24}},"25":{"start":{"line":62,"column":2},"end":{"line":66,"column":3}},"26":{"start":{"line":63,"column":4},"end":{"line":63,"column":41}},"27":{"start":{"line":65,"column":4},"end":{"line":65,"column":16}},"28":{"start":{"line":70,"column":29},"end":{"line":73,"column":3}},"29":{"start":{"line":74,"column":2},"end":{"line":74,"column":75}},"30":{"start":{"line":78,"column":2},"end":{"line":78,"column":90}},"31":{"start":{"line":83,"column":19},"end":{"line":83,"column":62}},"32":{"start":{"line":84,"column":2},"end":{"line":84,"column":58}},"33":{"start":{"line":84,"column":16},"end":{"line":84,"column":58}},"34":{"start":{"line":85,"column":15},"end":{"line":85,"column":31}},"35":{"start":{"line":86,"column":2},"end":{"line":86,"column":53}},"36":{"start":{"line":87,"column":2},"end":{"line":87,"column":14}},"37":{"start":{"line":92,"column":19},"end":{"line":92,"column":63}},"38":{"start":{"line":93,"column":2},"end":{"line":93,"column":59}},"39":{"start":{"line":93,"column":16},"end":{"line":93,"column":59}},"40":{"start":{"line":94,"column":15},"end":{"line":94,"column":32}},"41":{"start":{"line":95,"column":2},"end":{"line":95,"column":54}},"42":{"start":{"line":96,"column":2},"end":{"line":96,"column":14}},"43":{"start":{"line":104,"column":19},"end":{"line":104,"column":60}},"44":{"start":{"line":105,"column":2},"end":{"line":114,"column":3}},"45":{"start":{"line":107,"column":15},"end":{"line":107,"column":88}},"46":{"start":{"line":108,"column":4},"end":{"line":110,"column":5}},"47":{"start":{"line":109,"column":6},"end":{"line":109,"column":100}},"48":{"start":{"line":111,"column":15},"end":{"line":111,"column":55}},"49":{"start":{"line":112,"column":16},"end":{"line":112,"column":43}},"50":{"start":{"line":113,"column":4},"end":{"line":113,"column":74}},"51":{"start":{"line":115,"column":15},"end":{"line":115,"column":31}},"52":{"start":{"line":116,"column":2},"end":{"line":116,"column":51}},"53":{"start":{"line":117,"column":2},"end":{"line":117,"column":96}},"54":{"start":{"line":118,"column":13},"end":{"line":118,"column":53}},"55":{"start":{"line":119,"column":2},"end":{"line":119,"column":94}},"56":{"start":{"line":130,"column":19},"end":{"line":130,"column":60}},"57":{"start":{"line":131,"column":2},"end":{"line":131,"column":29}},"58":{"start":{"line":131,"column":17},"end":{"line":131,"column":29}},"59":{"start":{"line":132,"column":16},"end":{"line":132,"column":89}},"60":{"start":{"line":133,"column":2},"end":{"line":133,"column":26}},"61":{"start":{"line":133,"column":14},"end":{"line":133,"column":26}},"62":{"start":{"line":134,"column":2},"end":{"line":134,"column":53}},"63":{"start":{"line":147,"column":18},"end":{"line":147,"column":59}},"64":{"start":{"line":148,"column":2},"end":{"line":151,"column":3}},"65":{"start":{"line":149,"column":4},"end":{"line":149,"column":99}},"66":{"start":{"line":150,"column":4},"end":{"line":150,"column":103}},"67":{"start":{"line":152,"column":15},"end":{"line":152,"column":31}},"68":{"start":{"line":153,"column":2},"end":{"line":153,"column":51}},"69":{"start":{"line":154,"column":2},"end":{"line":154,"column":96}},"70":{"start":{"line":155,"column":13},"end":{"line":155,"column":53}},"71":{"start":{"line":156,"column":2},"end":{"line":156,"column":94}},"72":{"start":{"line":165,"column":19},"end":{"line":165,"column":60}},"73":{"start":{"line":166,"column":2},"end":{"line":166,"column":29}},"74":{"start":{"line":166,"column":17},"end":{"line":166,"column":29}},"75":{"start":{"line":167,"column":2},"end":{"line":167,"column":38}},"76":{"start":{"line":177,"column":16},"end":{"line":177,"column":94}},"77":{"start":{"line":178,"column":2},"end":{"line":178,"column":26}},"78":{"start":{"line":178,"column":14},"end":{"line":178,"column":26}},"79":{"start":{"line":179,"column":2},"end":{"line":183,"column":3}},"80":{"start":{"line":180,"column":4},"end":{"line":180,"column":88}},"81":{"start":{"line":181,"column":4},"end":{"line":181,"column":86}},"82":{"start":{"line":182,"column":4},"end":{"line":182,"column":16}},"83":{"start":{"line":184,"column":14},"end":{"line":184,"column":94}},"84":{"start":{"line":185,"column":2},"end":{"line":185,"column":41}},"85":{"start":{"line":195,"column":2},"end":{"line":195,"column":38}},"86":{"start":{"line":196,"column":16},"end":{"line":196,"column":43}},"87":{"start":{"line":197,"column":18},"end":{"line":197,"column":72}},"88":{"start":{"line":197,"column":43},"end":{"line":197,"column":58}},"89":{"start":{"line":199,"column":32},"end":{"line":199,"column":34}},"90":{"start":{"line":200,"column":20},"end":{"line":200,"column":33}},"91":{"start":{"line":201,"column":2},"end":{"line":211,"column":3}},"92":{"start":{"line":201,"column":15},"end":{"line":201,"column":16}},"93":{"start":{"line":202,"column":17},"end":{"line":202,"column":33}},"94":{"start":{"line":203,"column":18},"end":{"line":203,"column":29}},"95":{"start":{"line":204,"column":4},"end":{"line":208,"column":6}},"96":{"start":{"line":209,"column":4},"end":{"line":209,"column":26}},"97":{"start":{"line":210,"column":4},"end":{"line":210,"column":55}},"98":{"start":{"line":212,"column":2},"end":{"line":212,"column":42}},"99":{"start":{"line":213,"column":2},"end":{"line":213,"column":17}},"100":{"start":{"line":218,"column":2},"end":{"line":218,"column":38}},"101":{"start":{"line":219,"column":2},"end":{"line":219,"column":46}},"102":{"start":{"line":230,"column":2},"end":{"line":230,"column":38}},"103":{"start":{"line":231,"column":14},"end":{"line":231,"column":87}},"104":{"start":{"line":232,"column":2},"end":{"line":232,"column":24}},"105":{"start":{"line":232,"column":12},"end":{"line":232,"column":24}},"106":{"start":{"line":233,"column":2},"end":{"line":233,"column":79}},"107":{"start":{"line":234,"column":16},"end":{"line":234,"column":43}},"108":{"start":{"line":235,"column":2},"end":{"line":235,"column":67}},"109":{"start":{"line":235,"column":52},"end":{"line":235,"column":64}},"110":{"start":{"line":236,"column":2},"end":{"line":236,"column":28}},"111":{"start":{"line":248,"column":2},"end":{"line":248,"column":38}},"112":{"start":{"line":249,"column":14},"end":{"line":249,"column":87}},"113":{"start":{"line":250,"column":2},"end":{"line":250,"column":41}},"114":{"start":{"line":261,"column":2},"end":{"line":261,"column":79}},"115":{"start":{"line":262,"column":16},"end":{"line":262,"column":43}},"116":{"start":{"line":263,"column":2},"end":{"line":263,"column":67}},"117":{"start":{"line":263,"column":52},"end":{"line":263,"column":64}},"118":{"start":{"line":268,"column":2},"end":{"line":268,"column":38}},"119":{"start":{"line":269,"column":16},"end":{"line":269,"column":43}},"120":{"start":{"line":270,"column":2},"end":{"line":274,"column":4}},"121":{"start":{"line":272,"column":6},"end":{"line":272,"column":73}},"122":{"start":{"line":275,"column":2},"end":{"line":275,"column":73}},"123":{"start":{"line":279,"column":14},"end":{"line":279,"column":81}},"124":{"start":{"line":280,"column":2},"end":{"line":280,"column":22}},"125":{"start":{"line":280,"column":12},"end":{"line":280,"column":22}},"126":{"start":{"line":281,"column":2},"end":{"line":286,"column":3}},"127":{"start":{"line":282,"column":19},"end":{"line":282,"column":34}},"128":{"start":{"line":283,"column":4},"end":{"line":283,"column":84}},"129":{"start":{"line":283,"column":56},"end":{"line":283,"column":77}},"130":{"start":{"line":285,"column":4},"end":{"line":285,"column":14}},"131":{"start":{"line":290,"column":2},"end":{"line":290,"column":91}},"132":{"start":{"line":298,"column":35},"end":{"line":298,"column":44}},"133":{"start":{"line":300,"column":2},"end":{"line":300,"column":42}},"134":{"start":{"line":300,"column":35},"end":{"line":300,"column":42}},"135":{"start":{"line":301,"column":2},"end":{"line":301,"column":30}},"136":{"start":{"line":302,"column":2},"end":{"line":331,"column":3}},"137":{"start":{"line":303,"column":16},"end":{"line":306,"column":5}},"138":{"start":{"line":307,"column":4},"end":{"line":307,"column":21}},"139":{"start":{"line":307,"column":14},"end":{"line":307,"column":21}},"140":{"start":{"line":308,"column":19},"end":{"line":308,"column":76}},"141":{"start":{"line":309,"column":4},"end":{"line":312,"column":5}},"142":{"start":{"line":310,"column":6},"end":{"line":310,"column":83}},"143":{"start":{"line":311,"column":6},"end":{"line":311,"column":13}},"144":{"start":{"line":313,"column":18},"end":{"line":313,"column":45}},"145":{"start":{"line":314,"column":17},"end":{"line":314,"column":31}},"146":{"start":{"line":315,"column":4},"end":{"line":324,"column":5}},"147":{"start":{"line":316,"column":6},"end":{"line":316,"column":80}},"148":{"start":{"line":316,"column":71},"end":{"line":316,"column":80}},"149":{"start":{"line":317,"column":6},"end":{"line":317,"column":38}},"150":{"start":{"line":317,"column":29},"end":{"line":317,"column":38}},"151":{"start":{"line":318,"column":6},"end":{"line":322,"column":8}},"152":{"start":{"line":323,"column":6},"end":{"line":323,"column":26}},"153":{"start":{"line":325,"column":4},"end":{"line":325,"column":40}},"154":{"start":{"line":326,"column":4},"end":{"line":326,"column":81}},"155":{"start":{"line":330,"column":4},"end":{"line":330,"column":52}},"156":{"start":{"line":340,"column":2},"end":{"line":340,"column":55}},"157":{"start":{"line":341,"column":2},"end":{"line":349,"column":5}},"158":{"start":{"line":350,"column":2},"end":{"line":350,"column":33}},"159":{"start":{"line":353,"column":43},"end":{"line":353,"column":61}}},"fnMap":{"0":{"name":"(anonymous_0)","decl":{"start":{"line":27,"column":28},"end":{"line":27,"column":29}},"loc":{"start":{"line":27,"column":45},"end":{"line":27,"column":67}},"line":27},"1":{"name":"(anonymous_1)","decl":{"start":{"line":28,"column":29},"end":{"line":28,"column":30}},"loc":{"start":{"line":28,"column":46},"end":{"line":28,"column":68}},"line":28},"2":{"name":"(anonymous_2)","decl":{"start":{"line":29,"column":26},"end":{"line":29,"column":27}},"loc":{"start":{"line":29,"column":43},"end":{"line":29,"column":64}},"line":29},"3":{"name":"(anonymous_3)","decl":{"start":{"line":31,"column":29},"end":{"line":31,"column":30}},"loc":{"start":{"line":31,"column":46},"end":{"line":31,"column":70}},"line":31},"4":{"name":"(anonymous_4)","decl":{"start":{"line":34,"column":36},"end":{"line":34,"column":37}},"loc":{"start":{"line":34,"column":53},"end":{"line":34,"column":79}},"line":34},"5":{"name":"(anonymous_5)","decl":{"start":{"line":35,"column":34},"end":{"line":35,"column":35}},"loc":{"start":{"line":35,"column":51},"end":{"line":35,"column":80}},"line":35},"6":{"name":"(anonymous_6)","decl":{"start":{"line":40,"column":23},"end":{"line":40,"column":24}},"loc":{"start":{"line":40,"column":40},"end":{"line":40,"column":66}},"line":40},"7":{"name":"(anonymous_7)","decl":{"start":{"line":41,"column":22},"end":{"line":41,"column":23}},"loc":{"start":{"line":42,"column":2},"end":{"line":42,"column":38}},"line":42},"8":{"name":"(anonymous_8)","decl":{"start":{"line":44,"column":29},"end":{"line":44,"column":30}},"loc":{"start":{"line":44,"column":46},"end":{"line":44,"column":73}},"line":44},"9":{"name":"readPair","decl":{"start":{"line":59,"column":15},"end":{"line":59,"column":23}},"loc":{"start":{"line":59,"column":65},"end":{"line":67,"column":1}},"line":59},"10":{"name":"writePair","decl":{"start":{"line":69,"column":15},"end":{"line":69,"column":24}},"loc":{"start":{"line":69,"column":95},"end":{"line":75,"column":1}},"line":69},"11":{"name":"decodePair","decl":{"start":{"line":77,"column":9},"end":{"line":77,"column":19}},"loc":{"start":{"line":77,"column":66},"end":{"line":79,"column":1}},"line":77},"12":{"name":"getOrCreateIdentityX25519","decl":{"start":{"line":82,"column":22},"end":{"line":82,"column":47}},"loc":{"start":{"line":82,"column":85},"end":{"line":88,"column":1}},"line":82},"13":{"name":"getOrCreateIdentityEd25519","decl":{"start":{"line":91,"column":22},"end":{"line":91,"column":48}},"loc":{"start":{"line":91,"column":87},"end":{"line":97,"column":1}},"line":91},"14":{"name":"ensureSignedPreKey","decl":{"start":{"line":100,"column":22},"end":{"line":100,"column":40}},"loc":{"start":{"line":103,"column":3},"end":{"line":120,"column":1}},"line":103},"15":{"name":"isSignedPreKeyStale","decl":{"start":{"line":126,"column":22},"end":{"line":126,"column":41}},"loc":{"start":{"line":129,"column":20},"end":{"line":135,"column":1}},"line":129},"16":{"name":"rotateSignedPreKey","decl":{"start":{"line":142,"column":22},"end":{"line":142,"column":40}},"loc":{"start":{"line":145,"column":3},"end":{"line":157,"column":1}},"line":145},"17":{"name":"getSignedPreKeyPrivate","decl":{"start":{"line":164,"column":22},"end":{"line":164,"column":44}},"loc":{"start":{"line":164,"column":89},"end":{"line":168,"column":1}},"line":164},"18":{"name":"getPreviousSignedPreKeyPrivate","decl":{"start":{"line":176,"column":22},"end":{"line":176,"column":52}},"loc":{"start":{"line":176,"column":97},"end":{"line":186,"column":1}},"line":176},"19":{"name":"generateOneTimePreKeys","decl":{"start":{"line":194,"column":22},"end":{"line":194,"column":44}},"loc":{"start":{"line":194,"column":99},"end":{"line":214,"column":1}},"line":194},"20":{"name":"(anonymous_20)","decl":{"start":{"line":197,"column":32},"end":{"line":197,"column":33}},"loc":{"start":{"line":197,"column":43},"end":{"line":197,"column":58}},"line":197},"21":{"name":"otpkPrivateCount","decl":{"start":{"line":217,"column":22},"end":{"line":217,"column":38}},"loc":{"start":{"line":217,"column":72},"end":{"line":220,"column":1}},"line":217},"22":{"name":"consumeOneTimePreKey","decl":{"start":{"line":226,"column":22},"end":{"line":226,"column":42}},"loc":{"start":{"line":229,"column":30},"end":{"line":237,"column":1}},"line":229},"23":{"name":"(anonymous_23)","decl":{"start":{"line":235,"column":44},"end":{"line":235,"column":45}},"loc":{"start":{"line":235,"column":52},"end":{"line":235,"column":64}},"line":235},"24":{"name":"readOneTimePreKey","decl":{"start":{"line":244,"column":22},"end":{"line":244,"column":39}},"loc":{"start":{"line":247,"column":30},"end":{"line":251,"column":1}},"line":247},"25":{"name":"deleteConsumedOneTimePreKey","decl":{"start":{"line":257,"column":22},"end":{"line":257,"column":49}},"loc":{"start":{"line":260,"column":17},"end":{"line":264,"column":1}},"line":260},"26":{"name":"(anonymous_26)","decl":{"start":{"line":263,"column":44},"end":{"line":263,"column":45}},"loc":{"start":{"line":263,"column":52},"end":{"line":263,"column":64}},"line":263},"27":{"name":"purgeAllOneTimePreKeys","decl":{"start":{"line":267,"column":22},"end":{"line":267,"column":44}},"loc":{"start":{"line":267,"column":76},"end":{"line":276,"column":1}},"line":267},"28":{"name":"(anonymous_28)","decl":{"start":{"line":271,"column":14},"end":{"line":271,"column":15}},"loc":{"start":{"line":272,"column":6},"end":{"line":272,"column":73}},"line":272},"29":{"name":"readOtpkIndex","decl":{"start":{"line":278,"column":15},"end":{"line":278,"column":28}},"loc":{"start":{"line":278,"column":64},"end":{"line":287,"column":1}},"line":278},"30":{"name":"(anonymous_30)","decl":{"start":{"line":283,"column":49},"end":{"line":283,"column":50}},"loc":{"start":{"line":283,"column":56},"end":{"line":283,"column":77}},"line":283},"31":{"name":"writeOtpkIndex","decl":{"start":{"line":289,"column":15},"end":{"line":289,"column":29}},"loc":{"start":{"line":289,"column":61},"end":{"line":291,"column":1}},"line":289},"32":{"name":"migrateLegacyOtpkBlob","decl":{"start":{"line":299,"column":15},"end":{"line":299,"column":36}},"loc":{"start":{"line":299,"column":68},"end":{"line":332,"column":1}},"line":299},"33":{"name":"wipeIdentity","decl":{"start":{"line":338,"column":22},"end":{"line":338,"column":34}},"loc":{"start":{"line":338,"column":66},"end":{"line":351,"column":1}},"line":338},"34":{"name":"(anonymous_34)","decl":{"start":{"line":340,"column":45},"end":{"line":340,"column":46}},"loc":{"start":{"line":340,"column":51},"end":{"line":340,"column":53}},"line":340}},"branchMap":{"0":{"loc":{"start":{"line":61,"column":2},"end":{"line":61,"column":24}},"type":"if","locations":[{"start":{"line":61,"column":2},"end":{"line":61,"column":24}},{"start":{},"end":{}}],"line":61},"1":{"loc":{"start":{"line":84,"column":2},"end":{"line":84,"column":58}},"type":"if","locations":[{"start":{"line":84,"column":2},"end":{"line":84,"column":58}},{"start":{},"end":{}}],"line":84},"2":{"loc":{"start":{"line":93,"column":2},"end":{"line":93,"column":59}},"type":"if","locations":[{"start":{"line":93,"column":2},"end":{"line":93,"column":59}},{"start":{},"end":{}}],"line":93},"3":{"loc":{"start":{"line":105,"column":2},"end":{"line":114,"column":3}},"type":"if","locations":[{"start":{"line":105,"column":2},"end":{"line":114,"column":3}},{"start":{},"end":{}}],"line":105},"4":{"loc":{"start":{"line":108,"column":4},"end":{"line":110,"column":5}},"type":"if","locations":[{"start":{"line":108,"column":4},"end":{"line":110,"column":5}},{"start":{},"end":{}}],"line":108},"5":{"loc":{"start":{"line":128,"column":2},"end":{"line":128,"column":27}},"type":"default-arg","locations":[{"start":{"line":128,"column":13},"end":{"line":128,"column":27}}],"line":128},"6":{"loc":{"start":{"line":131,"column":2},"end":{"line":131,"column":29}},"type":"if","locations":[{"start":{"line":131,"column":2},"end":{"line":131,"column":29}},{"start":{},"end":{}}],"line":131},"7":{"loc":{"start":{"line":133,"column":2},"end":{"line":133,"column":26}},"type":"if","locations":[{"start":{"line":133,"column":2},"end":{"line":133,"column":26}},{"start":{},"end":{}}],"line":133},"8":{"loc":{"start":{"line":148,"column":2},"end":{"line":151,"column":3}},"type":"if","locations":[{"start":{"line":148,"column":2},"end":{"line":151,"column":3}},{"start":{},"end":{}}],"line":148},"9":{"loc":{"start":{"line":166,"column":2},"end":{"line":166,"column":29}},"type":"if","locations":[{"start":{"line":166,"column":2},"end":{"line":166,"column":29}},{"start":{},"end":{}}],"line":166},"10":{"loc":{"start":{"line":178,"column":2},"end":{"line":178,"column":26}},"type":"if","locations":[{"start":{"line":178,"column":2},"end":{"line":178,"column":26}},{"start":{},"end":{}}],"line":178},"11":{"loc":{"start":{"line":179,"column":2},"end":{"line":183,"column":3}},"type":"if","locations":[{"start":{"line":179,"column":2},"end":{"line":183,"column":3}},{"start":{},"end":{}}],"line":179},"12":{"loc":{"start":{"line":185,"column":9},"end":{"line":185,"column":40}},"type":"cond-expr","locations":[{"start":{"line":185,"column":15},"end":{"line":185,"column":33}},{"start":{"line":185,"column":36},"end":{"line":185,"column":40}}],"line":185},"13":{"loc":{"start":{"line":197,"column":19},"end":{"line":197,"column":67}},"type":"binary-expr","locations":[{"start":{"line":197,"column":19},"end":{"line":197,"column":62}},{"start":{"line":197,"column":66},"end":{"line":197,"column":67}}],"line":197},"14":{"loc":{"start":{"line":232,"column":2},"end":{"line":232,"column":24}},"type":"if","locations":[{"start":{"line":232,"column":2},"end":{"line":232,"column":24}},{"start":{},"end":{}}],"line":232},"15":{"loc":{"start":{"line":250,"column":9},"end":{"line":250,"column":40}},"type":"cond-expr","locations":[{"start":{"line":250,"column":15},"end":{"line":250,"column":33}},{"start":{"line":250,"column":36},"end":{"line":250,"column":40}}],"line":250},"16":{"loc":{"start":{"line":280,"column":2},"end":{"line":280,"column":22}},"type":"if","locations":[{"start":{"line":280,"column":2},"end":{"line":280,"column":22}},{"start":{},"end":{}}],"line":280},"17":{"loc":{"start":{"line":283,"column":11},"end":{"line":283,"column":83}},"type":"cond-expr","locations":[{"start":{"line":283,"column":35},"end":{"line":283,"column":78}},{"start":{"line":283,"column":81},"end":{"line":283,"column":83}}],"line":283},"18":{"loc":{"start":{"line":300,"column":2},"end":{"line":300,"column":42}},"type":"if","locations":[{"start":{"line":300,"column":2},"end":{"line":300,"column":42}},{"start":{},"end":{}}],"line":300},"19":{"loc":{"start":{"line":307,"column":4},"end":{"line":307,"column":21}},"type":"if","locations":[{"start":{"line":307,"column":4},"end":{"line":307,"column":21}},{"start":{},"end":{}}],"line":307},"20":{"loc":{"start":{"line":309,"column":4},"end":{"line":312,"column":5}},"type":"if","locations":[{"start":{"line":309,"column":4},"end":{"line":312,"column":5}},{"start":{},"end":{}}],"line":309},"21":{"loc":{"start":{"line":309,"column":8},"end":{"line":309,"column":53}},"type":"binary-expr","locations":[{"start":{"line":309,"column":8},"end":{"line":309,"column":30}},{"start":{"line":309,"column":34},"end":{"line":309,"column":53}}],"line":309},"22":{"loc":{"start":{"line":316,"column":6},"end":{"line":316,"column":80}},"type":"if","locations":[{"start":{"line":316,"column":6},"end":{"line":316,"column":80}},{"start":{},"end":{}}],"line":316},"23":{"loc":{"start":{"line":316,"column":10},"end":{"line":316,"column":69}},"type":"binary-expr","locations":[{"start":{"line":316,"column":10},"end":{"line":316,"column":38}},{"start":{"line":316,"column":42},"end":{"line":316,"column":69}}],"line":316},"24":{"loc":{"start":{"line":317,"column":6},"end":{"line":317,"column":38}},"type":"if","locations":[{"start":{"line":317,"column":6},"end":{"line":317,"column":38}},{"start":{},"end":{}}],"line":317}},"s":{"0":1,"1":0,"2":1,"3":0,"4":1,"5":0,"6":1,"7":0,"8":1,"9":0,"10":1,"11":0,"12":1,"13":0,"14":1,"15":0,"16":1,"17":0,"18":1,"19":1,"20":1,"21":1,"22":0,"23":0,"24":0,"25":0,"26":0,"27":0,"28":0,"29":0,"30":0,"31":0,"32":0,"33":0,"34":0,"35":0,"36":0,"37":0,"38":0,"39":0,"40":0,"41":0,"42":0,"43":0,"44":0,"45":0,"46":0,"47":0,"48":0,"49":0,"50":0,"51":0,"52":0,"53":0,"54":0,"55":0,"56":0,"57":0,"58":0,"59":0,"60":0,"61":0,"62":0,"63":0,"64":0,"65":0,"66":0,"67":0,"68":0,"69":0,"70":0,"71":0,"72":0,"73":0,"74":0,"75":0,"76":0,"77":0,"78":0,"79":0,"80":0,"81":0,"82":0,"83":0,"84":0,"85":0,"86":0,"87":0,"88":0,"89":0,"90":0,"91":0,"92":0,"93":0,"94":0,"95":0,"96":0,"97":0,"98":0,"99":0,"100":0,"101":0,"102":0,"103":0,"104":0,"105":0,"106":0,"107":0,"108":0,"109":0,"110":0,"111":0,"112":0,"113":0,"114":0,"115":0,"116":0,"117":0,"118":0,"119":0,"120":0,"121":0,"122":0,"123":0,"124":0,"125":0,"126":0,"127":0,"128":0,"129":0,"130":0,"131":0,"132":1,"133":0,"134":0,"135":0,"136":0,"137":0,"138":0,"139":0,"140":0,"141":0,"142":0,"143":0,"144":0,"145":0,"146":0,"147":0,"148":0,"149":0,"150":0,"151":0,"152":0,"153":0,"154":0,"155":0,"156":0,"157":0,"158":0,"159":1},"f":{"0":0,"1":0,"2":0,"3":0,"4":0,"5":0,"6":0,"7":0,"8":0,"9":0,"10":0,"11":0,"12":0,"13":0,"14":0,"15":0,"16":0,"17":0,"18":0,"19":0,"20":0,"21":0,"22":0,"23":0,"24":0,"25":0,"26":0,"27":0,"28":0,"29":0,"30":0,"31":0,"32":0,"33":0,"34":0},"b":{"0":[0,0],"1":[0,0],"2":[0,0],"3":[0,0],"4":[0,0],"5":[0],"6":[0,0],"7":[0,0],"8":[0,0],"9":[0,0],"10":[0,0],"11":[0,0],"12":[0,0],"13":[0,0],"14":[0,0],"15":[0,0],"16":[0,0],"17":[0,0],"18":[0,0],"19":[0,0],"20":[0,0],"21":[0,0],"22":[0,0],"23":[0,0],"24":[0,0]},"_coverageSchema":"1a1c01bbd47fc00a2c39e90264f33305004495a9","hash":"d6bb8ab402685905d711d144b4e1d0d9cc0b2414"}
,"/Users/caleb/Desktop/GitHub/project404/aza/src/crypto/random.ts": {"path":"/Users/caleb/Desktop/GitHub/project404/aza/src/crypto/random.ts","statementMap":{},"fnMap":{},"branchMap":{},"s":{},"f":{},"b":{},"_coverageSchema":"1a1c01bbd47fc00a2c39e90264f33305004495a9","hash":"6ba1252f84a50aa7314a32746f2f303b83f669df"}
,"/Users/caleb/Desktop/GitHub/project404/aza/src/features/hub/miniapps/MyBusinessApp/helpers.ts": {"path":"/Users/caleb/Desktop/GitHub/project404/aza/src/features/hub/miniapps/MyBusinessApp/helpers.ts","statementMap":{"0":{"start":{"line":2,"column":2},"end":{"line":2,"column":48}},"1":{"start":{"line":6,"column":2},"end":{"line":6,"column":33}},"2":{"start":{"line":6,"column":22},"end":{"line":6,"column":33}},"3":{"start":{"line":7,"column":2},"end":{"line":7,"column":81}},"4":{"start":{"line":11,"column":2},"end":{"line":11,"column":27}},"5":{"start":{"line":11,"column":16},"end":{"line":11,"column":27}},"6":{"start":{"line":12,"column":2},"end":{"line":14,"column":5}},"7":{"start":{"line":18,"column":2},"end":{"line":18,"column":30}}},"fnMap":{"0":{"name":"extractData","decl":{"start":{"line":1,"column":16},"end":{"line":1,"column":27}},"loc":{"start":{"line":1,"column":43},"end":{"line":3,"column":1}},"line":1},"1":{"name":"fmtAmount","decl":{"start":{"line":5,"column":16},"end":{"line":5,"column":25}},"loc":{"start":{"line":5,"column":61},"end":{"line":8,"column":1}},"line":5},"2":{"name":"fmtDate","decl":{"start":{"line":10,"column":16},"end":{"line":10,"column":23}},"loc":{"start":{"line":10,"column":42},"end":{"line":15,"column":1}},"line":10},"3":{"name":"statusLabel","decl":{"start":{"line":17,"column":16},"end":{"line":17,"column":27}},"loc":{"start":{"line":17,"column":39},"end":{"line":19,"column":1}},"line":17}},"branchMap":{"0":{"loc":{"start":{"line":2,"column":9},"end":{"line":2,"column":47}},"type":"binary-expr","locations":[{"start":{"line":2,"column":9},"end":{"line":2,"column":29}},{"start":{"line":2,"column":33},"end":{"line":2,"column":47}}],"line":2},"1":{"loc":{"start":{"line":5,"column":43},"end":{"line":5,"column":59}},"type":"default-arg","locations":[{"start":{"line":5,"column":54},"end":{"line":5,"column":59}}],"line":5},"2":{"loc":{"start":{"line":6,"column":2},"end":{"line":6,"column":33}},"type":"if","locations":[{"start":{"line":6,"column":2},"end":{"line":6,"column":33}},{"start":{},"end":{}}],"line":6},"3":{"loc":{"start":{"line":7,"column":12},"end":{"line":7,"column":49}},"type":"cond-expr","locations":[{"start":{"line":7,"column":33},"end":{"line":7,"column":38}},{"start":{"line":7,"column":41},"end":{"line":7,"column":49}}],"line":7},"4":{"loc":{"start":{"line":11,"column":2},"end":{"line":11,"column":27}},"type":"if","locations":[{"start":{"line":11,"column":2},"end":{"line":11,"column":27}},{"start":{},"end":{}}],"line":11}},"s":{"0":4,"1":6,"2":2,"3":4,"4":3,"5":2,"6":1,"7":4},"f":{"0":4,"1":6,"2":3,"3":4},"b":{"0":[4,3],"1":[4],"2":[2,4],"3":[3,1],"4":[2,1]},"_coverageSchema":"1a1c01bbd47fc00a2c39e90264f33305004495a9","hash":"7c4892aa7e2300ed4db4247fbf71180d60a93358"}
,"/Users/caleb/Desktop/GitHub/project404/aza/src/providers/authEvents.ts": {"path":"/Users/caleb/Desktop/GitHub/project404/aza/src/providers/authEvents.ts","statementMap":{"0":{"start":{"line":17,"column":18},"end":{"line":17,"column":37}},"1":{"start":{"line":20,"column":2},"end":{"line":20,"column":20}},"2":{"start":{"line":21,"column":2},"end":{"line":23,"column":4}},"3":{"start":{"line":22,"column":4},"end":{"line":22,"column":25}},"4":{"start":{"line":27,"column":2},"end":{"line":40,"column":3}},"5":{"start":{"line":28,"column":4},"end":{"line":39,"column":5}},"6":{"start":{"line":29,"column":16},"end":{"line":29,"column":20}},"7":{"start":{"line":30,"column":6},"end":{"line":35,"column":7}},"8":{"start":{"line":31,"column":8},"end":{"line":34,"column":10}},"9":{"start":{"line":33,"column":10},"end":{"line":33,"column":61}},"10":{"start":{"line":38,"column":6},"end":{"line":38,"column":55}}},"fnMap":{"0":{"name":"subscribeAuthEvents","decl":{"start":{"line":19,"column":16},"end":{"line":19,"column":35}},"loc":{"start":{"line":19,"column":62},"end":{"line":24,"column":1}},"line":19},"1":{"name":"(anonymous_1)","decl":{"start":{"line":21,"column":9},"end":{"line":21,"column":10}},"loc":{"start":{"line":21,"column":15},"end":{"line":23,"column":3}},"line":21},"2":{"name":"emitAuthEvent","decl":{"start":{"line":26,"column":16},"end":{"line":26,"column":29}},"loc":{"start":{"line":26,"column":50},"end":{"line":41,"column":1}},"line":26},"3":{"name":"(anonymous_3)","decl":{"start":{"line":31,"column":35},"end":{"line":31,"column":36}},"loc":{"start":{"line":33,"column":10},"end":{"line":33,"column":61}},"line":33}},"branchMap":{"0":{"loc":{"start":{"line":30,"column":6},"end":{"line":35,"column":7}},"type":"if","locations":[{"start":{"line":30,"column":6},"end":{"line":35,"column":7}},{"start":{},"end":{}}],"line":30},"1":{"loc":{"start":{"line":30,"column":10},"end":{"line":30,"column":63}},"type":"binary-expr","locations":[{"start":{"line":30,"column":10},"end":{"line":30,"column":11}},{"start":{"line":30,"column":15},"end":{"line":30,"column":63}}],"line":30}},"s":{"0":1,"1":0,"2":0,"3":0,"4":0,"5":0,"6":0,"7":0,"8":0,"9":0,"10":0},"f":{"0":0,"1":0,"2":0,"3":0},"b":{"0":[0,0],"1":[0,0]},"_coverageSchema":"1a1c01bbd47fc00a2c39e90264f33305004495a9","hash":"b3c0aa313552fcc5c988affb3de3838b19dce93f"}
,"/Users/caleb/Desktop/GitHub/project404/aza/src/services/api.ts": {"path":"/Users/caleb/Desktop/GitHub/project404/aza/src/services/api.ts","statementMap":{"0":{"start":{"line":37,"column":19},"end":{"line":39,"column":1}},"1":{"start":{"line":38,"column":2},"end":{"line":38,"column":35}},"2":{"start":{"line":41,"column":24},"end":{"line":41,"column":36}},"3":{"start":{"line":43,"column":19},"end":{"line":48,"column":2}},"4":{"start":{"line":51,"column":25},"end":{"line":51,"column":43}},"5":{"start":{"line":52,"column":33},"end":{"line":52,"column":52}},"6":{"start":{"line":53,"column":35},"end":{"line":53,"column":56}},"7":{"start":{"line":54,"column":29},"end":{"line":54,"column":44}},"8":{"start":{"line":55,"column":32},"end":{"line":55,"column":50}},"9":{"start":{"line":57,"column":41},"end":{"line":57,"column":45}},"10":{"start":{"line":58,"column":32},"end":{"line":60,"column":1}},"11":{"start":{"line":59,"column":2},"end":{"line":59,"column":21}},"12":{"start":{"line":66,"column":40},"end":{"line":66,"column":44}},"13":{"start":{"line":67,"column":37},"end":{"line":69,"column":1}},"14":{"start":{"line":68,"column":2},"end":{"line":68,"column":25}},"15":{"start":{"line":71,"column":27},"end":{"line":82,"column":1}},"16":{"start":{"line":72,"column":19},"end":{"line":72,"column":64}},"17":{"start":{"line":73,"column":2},"end":{"line":73,"column":32}},"18":{"start":{"line":73,"column":16},"end":{"line":73,"column":32}},"19":{"start":{"line":74,"column":16},"end":{"line":74,"column":34}},"20":{"start":{"line":75,"column":2},"end":{"line":75,"column":32}},"21":{"start":{"line":76,"column":2},"end":{"line":76,"column":39}},"22":{"start":{"line":77,"column":2},"end":{"line":77,"column":39}},"23":{"start":{"line":78,"column":14},"end":{"line":78,"column":80}},"24":{"start":{"line":78,"column":39},"end":{"line":78,"column":70}},"25":{"start":{"line":79,"column":13},"end":{"line":79,"column":108}},"26":{"start":{"line":80,"column":2},"end":{"line":80,"column":52}},"27":{"start":{"line":81,"column":2},"end":{"line":81,"column":12}},"28":{"start":{"line":84,"column":31},"end":{"line":95,"column":4}},"29":{"start":{"line":90,"column":2},"end":{"line":95,"column":4}},"30":{"start":{"line":97,"column":30},"end":{"line":98,"column":72}},"31":{"start":{"line":98,"column":2},"end":{"line":98,"column":72}},"32":{"start":{"line":100,"column":32},"end":{"line":111,"column":4}},"33":{"start":{"line":106,"column":2},"end":{"line":111,"column":4}},"34":{"start":{"line":113,"column":34},"end":{"line":114,"column":59}},"35":{"start":{"line":114,"column":2},"end":{"line":114,"column":59}},"36":{"start":{"line":116,"column":32},"end":{"line":117,"column":60}},"37":{"start":{"line":117,"column":2},"end":{"line":117,"column":60}},"38":{"start":{"line":119,"column":42},"end":{"line":120,"column":47}},"39":{"start":{"line":120,"column":2},"end":{"line":120,"column":47}},"40":{"start":{"line":122,"column":42},"end":{"line":123,"column":43}},"41":{"start":{"line":123,"column":2},"end":{"line":123,"column":43}},"42":{"start":{"line":125,"column":38},"end":{"line":126,"column":45}},"43":{"start":{"line":126,"column":2},"end":{"line":126,"column":45}},"44":{"start":{"line":128,"column":38},"end":{"line":129,"column":37}},"45":{"start":{"line":129,"column":2},"end":{"line":129,"column":37}},"46":{"start":{"line":131,"column":25},"end":{"line":132,"column":92}},"47":{"start":{"line":132,"column":2},"end":{"line":132,"column":92}},"48":{"start":{"line":136,"column":28},"end":{"line":136,"column":63}},"49":{"start":{"line":136,"column":34},"end":{"line":136,"column":63}},"50":{"start":{"line":138,"column":32},"end":{"line":138,"column":69}},"51":{"start":{"line":138,"column":38},"end":{"line":138,"column":69}},"52":{"start":{"line":140,"column":33},"end":{"line":143,"column":74}},"53":{"start":{"line":143,"column":5},"end":{"line":143,"column":74}},"54":{"start":{"line":145,"column":30},"end":{"line":160,"column":1}},"55":{"start":{"line":151,"column":19},"end":{"line":151,"column":33}},"56":{"start":{"line":152,"column":2},"end":{"line":152,"column":36}},"57":{"start":{"line":153,"column":2},"end":{"line":153,"column":40}},"58":{"start":{"line":154,"column":2},"end":{"line":154,"column":51}},"59":{"start":{"line":155,"column":2},"end":{"line":155,"column":49}},"60":{"start":{"line":157,"column":2},"end":{"line":159,"column":5}},"61":{"start":{"line":162,"column":28},"end":{"line":169,"column":1}},"62":{"start":{"line":163,"column":19},"end":{"line":163,"column":33}},"63":{"start":{"line":164,"column":2},"end":{"line":164,"column":43}},"64":{"start":{"line":166,"column":2},"end":{"line":168,"column":5}},"65":{"start":{"line":171,"column":34},"end":{"line":180,"column":1}},"66":{"start":{"line":176,"column":40},"end":{"line":176,"column":49}},"67":{"start":{"line":177,"column":2},"end":{"line":177,"column":44}},"68":{"start":{"line":177,"column":17},"end":{"line":177,"column":44}},"69":{"start":{"line":178,"column":2},"end":{"line":178,"column":38}},"70":{"start":{"line":178,"column":15},"end":{"line":178,"column":38}},"71":{"start":{"line":179,"column":2},"end":{"line":179,"column":53}},"72":{"start":{"line":182,"column":32},"end":{"line":191,"column":4}},"73":{"start":{"line":187,"column":2},"end":{"line":191,"column":4}},"74":{"start":{"line":193,"column":35},"end":{"line":200,"column":1}},"75":{"start":{"line":194,"column":19},"end":{"line":194,"column":33}},"76":{"start":{"line":195,"column":2},"end":{"line":195,"column":47}},"77":{"start":{"line":197,"column":2},"end":{"line":199,"column":5}},"78":{"start":{"line":202,"column":30},"end":{"line":202,"column":66}},"79":{"start":{"line":202,"column":36},"end":{"line":202,"column":66}},"80":{"start":{"line":204,"column":27},"end":{"line":204,"column":65}},"81":{"start":{"line":204,"column":33},"end":{"line":204,"column":65}},"82":{"start":{"line":208,"column":21},"end":{"line":208,"column":54}},"83":{"start":{"line":208,"column":27},"end":{"line":208,"column":54}},"84":{"start":{"line":210,"column":29},"end":{"line":211,"column":36}},"85":{"start":{"line":211,"column":2},"end":{"line":211,"column":36}},"86":{"start":{"line":213,"column":28},"end":{"line":213,"column":70}},"87":{"start":{"line":213,"column":34},"end":{"line":213,"column":70}},"88":{"start":{"line":215,"column":36},"end":{"line":219,"column":55}},"89":{"start":{"line":219,"column":6},"end":{"line":219,"column":55}},"90":{"start":{"line":221,"column":24},"end":{"line":221,"column":86}},"91":{"start":{"line":221,"column":53},"end":{"line":221,"column":86}},"92":{"start":{"line":223,"column":34},"end":{"line":229,"column":1}},"93":{"start":{"line":224,"column":19},"end":{"line":224,"column":33}},"94":{"start":{"line":225,"column":2},"end":{"line":225,"column":39}},"95":{"start":{"line":226,"column":2},"end":{"line":228,"column":5}},"96":{"start":{"line":231,"column":36},"end":{"line":237,"column":1}},"97":{"start":{"line":232,"column":19},"end":{"line":232,"column":33}},"98":{"start":{"line":233,"column":2},"end":{"line":233,"column":39}},"99":{"start":{"line":234,"column":2},"end":{"line":236,"column":5}},"100":{"start":{"line":239,"column":35},"end":{"line":245,"column":1}},"101":{"start":{"line":240,"column":19},"end":{"line":240,"column":33}},"102":{"start":{"line":241,"column":2},"end":{"line":241,"column":39}},"103":{"start":{"line":242,"column":2},"end":{"line":244,"column":5}},"104":{"start":{"line":247,"column":39},"end":{"line":248,"column":76}},"105":{"start":{"line":248,"column":2},"end":{"line":248,"column":76}},"106":{"start":{"line":250,"column":38},"end":{"line":251,"column":73}},"107":{"start":{"line":251,"column":2},"end":{"line":251,"column":73}},"108":{"start":{"line":253,"column":38},"end":{"line":254,"column":73}},"109":{"start":{"line":254,"column":2},"end":{"line":254,"column":73}},"110":{"start":{"line":256,"column":30},"end":{"line":259,"column":3}},"111":{"start":{"line":257,"column":2},"end":{"line":259,"column":3}},"112":{"start":{"line":261,"column":34},"end":{"line":262,"column":79}},"113":{"start":{"line":262,"column":2},"end":{"line":262,"column":79}},"114":{"start":{"line":264,"column":33},"end":{"line":265,"column":97}},"115":{"start":{"line":265,"column":2},"end":{"line":265,"column":97}},"116":{"start":{"line":267,"column":34},"end":{"line":268,"column":79}},"117":{"start":{"line":268,"column":2},"end":{"line":268,"column":79}},"118":{"start":{"line":270,"column":33},"end":{"line":271,"column":97}},"119":{"start":{"line":271,"column":2},"end":{"line":271,"column":97}},"120":{"start":{"line":275,"column":38},"end":{"line":275,"column":76}},"121":{"start":{"line":275,"column":44},"end":{"line":275,"column":76}},"122":{"start":{"line":277,"column":34},"end":{"line":278,"column":85}},"123":{"start":{"line":278,"column":2},"end":{"line":278,"column":85}},"124":{"start":{"line":280,"column":34},"end":{"line":281,"column":55}},"125":{"start":{"line":281,"column":2},"end":{"line":281,"column":55}},"126":{"start":{"line":283,"column":37},"end":{"line":290,"column":1}},"127":{"start":{"line":284,"column":15},"end":{"line":284,"column":29}},"128":{"start":{"line":285,"column":2},"end":{"line":285,"column":83}},"129":{"start":{"line":286,"column":2},"end":{"line":286,"column":47}},"130":{"start":{"line":286,"column":15},"end":{"line":286,"column":47}},"131":{"start":{"line":287,"column":2},"end":{"line":289,"column":5}},"132":{"start":{"line":292,"column":41},"end":{"line":293,"column":45}},"133":{"start":{"line":293,"column":2},"end":{"line":293,"column":45}},"134":{"start":{"line":295,"column":28},"end":{"line":296,"column":47}},"135":{"start":{"line":296,"column":2},"end":{"line":296,"column":47}},"136":{"start":{"line":298,"column":24},"end":{"line":298,"column":84}},"137":{"start":{"line":298,"column":44},"end":{"line":298,"column":84}},"138":{"start":{"line":299,"column":26},"end":{"line":299,"column":88}},"139":{"start":{"line":299,"column":46},"end":{"line":299,"column":88}},"140":{"start":{"line":300,"column":27},"end":{"line":300,"column":90}},"141":{"start":{"line":300,"column":47},"end":{"line":300,"column":90}},"142":{"start":{"line":301,"column":23},"end":{"line":301,"column":82}},"143":{"start":{"line":301,"column":43},"end":{"line":301,"column":82}},"144":{"start":{"line":302,"column":29},"end":{"line":302,"column":116}},"145":{"start":{"line":302,"column":63},"end":{"line":302,"column":116}},"146":{"start":{"line":303,"column":30},"end":{"line":303,"column":118}},"147":{"start":{"line":303,"column":64},"end":{"line":303,"column":118}},"148":{"start":{"line":304,"column":33},"end":{"line":304,"column":124}},"149":{"start":{"line":304,"column":67},"end":{"line":304,"column":124}},"150":{"start":{"line":305,"column":34},"end":{"line":305,"column":81}},"151":{"start":{"line":305,"column":40},"end":{"line":305,"column":81}},"152":{"start":{"line":306,"column":30},"end":{"line":306,"column":113}},"153":{"start":{"line":306,"column":55},"end":{"line":306,"column":113}},"154":{"start":{"line":307,"column":30},"end":{"line":307,"column":67}},"155":{"start":{"line":307,"column":36},"end":{"line":307,"column":67}},"156":{"start":{"line":308,"column":29},"end":{"line":308,"column":94}},"157":{"start":{"line":308,"column":49},"end":{"line":308,"column":94}},"158":{"start":{"line":309,"column":34},"end":{"line":309,"column":101}},"159":{"start":{"line":309,"column":54},"end":{"line":309,"column":101}},"160":{"start":{"line":313,"column":27},"end":{"line":314,"column":55}},"161":{"start":{"line":314,"column":2},"end":{"line":314,"column":55}},"162":{"start":{"line":316,"column":28},"end":{"line":317,"column":49}},"163":{"start":{"line":317,"column":2},"end":{"line":317,"column":49}},"164":{"start":{"line":319,"column":30},"end":{"line":320,"column":37}},"165":{"start":{"line":320,"column":2},"end":{"line":320,"column":37}},"166":{"start":{"line":322,"column":30},"end":{"line":325,"column":3}},"167":{"start":{"line":323,"column":2},"end":{"line":325,"column":3}},"168":{"start":{"line":327,"column":33},"end":{"line":328,"column":35}},"169":{"start":{"line":328,"column":2},"end":{"line":328,"column":35}},"170":{"start":{"line":330,"column":35},"end":{"line":331,"column":45}},"171":{"start":{"line":331,"column":2},"end":{"line":331,"column":45}},"172":{"start":{"line":333,"column":37},"end":{"line":334,"column":47}},"173":{"start":{"line":334,"column":2},"end":{"line":334,"column":47}},"174":{"start":{"line":336,"column":25},"end":{"line":337,"column":46}},"175":{"start":{"line":337,"column":2},"end":{"line":337,"column":46}},"176":{"start":{"line":339,"column":27},"end":{"line":340,"column":48}},"177":{"start":{"line":340,"column":2},"end":{"line":340,"column":48}},"178":{"start":{"line":342,"column":31},"end":{"line":342,"column":72}},"179":{"start":{"line":342,"column":37},"end":{"line":342,"column":72}},"180":{"start":{"line":344,"column":26},"end":{"line":345,"column":44}},"181":{"start":{"line":345,"column":2},"end":{"line":345,"column":44}},"182":{"start":{"line":347,"column":30},"end":{"line":348,"column":48}},"183":{"start":{"line":348,"column":2},"end":{"line":348,"column":48}},"184":{"start":{"line":350,"column":34},"end":{"line":351,"column":38}},"185":{"start":{"line":351,"column":2},"end":{"line":351,"column":38}},"186":{"start":{"line":353,"column":38},"end":{"line":354,"column":43}},"187":{"start":{"line":354,"column":2},"end":{"line":354,"column":43}},"188":{"start":{"line":356,"column":37},"end":{"line":357,"column":60}},"189":{"start":{"line":357,"column":2},"end":{"line":357,"column":60}},"190":{"start":{"line":359,"column":36},"end":{"line":360,"column":59}},"191":{"start":{"line":360,"column":2},"end":{"line":360,"column":59}},"192":{"start":{"line":362,"column":31},"end":{"line":363,"column":46}},"193":{"start":{"line":363,"column":2},"end":{"line":363,"column":46}},"194":{"start":{"line":365,"column":33},"end":{"line":368,"column":3}},"195":{"start":{"line":366,"column":2},"end":{"line":368,"column":3}},"196":{"start":{"line":372,"column":32},"end":{"line":372,"column":71}},"197":{"start":{"line":372,"column":38},"end":{"line":372,"column":71}},"198":{"start":{"line":374,"column":34},"end":{"line":374,"column":74}},"199":{"start":{"line":374,"column":40},"end":{"line":374,"column":74}},"200":{"start":{"line":376,"column":40},"end":{"line":377,"column":73}},"201":{"start":{"line":377,"column":2},"end":{"line":377,"column":73}},"202":{"start":{"line":379,"column":31},"end":{"line":380,"column":167}},"203":{"start":{"line":380,"column":2},"end":{"line":380,"column":167}},"204":{"start":{"line":382,"column":40},"end":{"line":385,"column":4}},"205":{"start":{"line":383,"column":2},"end":{"line":385,"column":4}},"206":{"start":{"line":387,"column":46},"end":{"line":388,"column":89}},"207":{"start":{"line":388,"column":2},"end":{"line":388,"column":89}},"208":{"start":{"line":390,"column":32},"end":{"line":396,"column":44}},"209":{"start":{"line":396,"column":6},"end":{"line":396,"column":44}},"210":{"start":{"line":398,"column":31},"end":{"line":399,"column":59}},"211":{"start":{"line":399,"column":2},"end":{"line":399,"column":59}},"212":{"start":{"line":401,"column":30},"end":{"line":402,"column":44}},"213":{"start":{"line":402,"column":2},"end":{"line":402,"column":44}},"214":{"start":{"line":404,"column":30},"end":{"line":405,"column":56}},"215":{"start":{"line":405,"column":2},"end":{"line":405,"column":56}},"216":{"start":{"line":407,"column":28},"end":{"line":411,"column":49}},"217":{"start":{"line":411,"column":6},"end":{"line":411,"column":49}},"218":{"start":{"line":413,"column":34},"end":{"line":414,"column":63}},"219":{"start":{"line":414,"column":2},"end":{"line":414,"column":63}},"220":{"start":{"line":416,"column":35},"end":{"line":417,"column":50}},"221":{"start":{"line":417,"column":2},"end":{"line":417,"column":50}},"222":{"start":{"line":421,"column":30},"end":{"line":422,"column":76}},"223":{"start":{"line":422,"column":2},"end":{"line":422,"column":76}},"224":{"start":{"line":424,"column":30},"end":{"line":425,"column":58}},"225":{"start":{"line":425,"column":2},"end":{"line":425,"column":58}},"226":{"start":{"line":427,"column":35},"end":{"line":428,"column":83}},"227":{"start":{"line":428,"column":2},"end":{"line":428,"column":83}},"228":{"start":{"line":430,"column":29},"end":{"line":431,"column":76}},"229":{"start":{"line":431,"column":2},"end":{"line":431,"column":76}},"230":{"start":{"line":433,"column":25},"end":{"line":434,"column":100}},"231":{"start":{"line":434,"column":2},"end":{"line":434,"column":100}},"232":{"start":{"line":436,"column":22},"end":{"line":437,"column":33}},"233":{"start":{"line":437,"column":2},"end":{"line":437,"column":33}},"234":{"start":{"line":439,"column":32},"end":{"line":440,"column":44}},"235":{"start":{"line":440,"column":2},"end":{"line":440,"column":44}},"236":{"start":{"line":442,"column":29},"end":{"line":443,"column":41}},"237":{"start":{"line":443,"column":2},"end":{"line":443,"column":41}},"238":{"start":{"line":445,"column":26},"end":{"line":445,"column":67}},"239":{"start":{"line":445,"column":32},"end":{"line":445,"column":67}},"240":{"start":{"line":447,"column":36},"end":{"line":448,"column":40}},"241":{"start":{"line":448,"column":2},"end":{"line":448,"column":40}},"242":{"start":{"line":450,"column":29},"end":{"line":451,"column":32}},"243":{"start":{"line":451,"column":2},"end":{"line":451,"column":32}},"244":{"start":{"line":453,"column":37},"end":{"line":454,"column":46}},"245":{"start":{"line":454,"column":2},"end":{"line":454,"column":46}},"246":{"start":{"line":456,"column":28},"end":{"line":457,"column":72}},"247":{"start":{"line":457,"column":2},"end":{"line":457,"column":72}},"248":{"start":{"line":459,"column":37},"end":{"line":466,"column":51}},"249":{"start":{"line":466,"column":6},"end":{"line":466,"column":51}},"250":{"start":{"line":468,"column":45},"end":{"line":469,"column":56}},"251":{"start":{"line":469,"column":2},"end":{"line":469,"column":56}},"252":{"start":{"line":473,"column":33},"end":{"line":473,"column":73}},"253":{"start":{"line":473,"column":39},"end":{"line":473,"column":73}},"254":{"start":{"line":475,"column":32},"end":{"line":476,"column":48}},"255":{"start":{"line":476,"column":2},"end":{"line":476,"column":48}},"256":{"start":{"line":478,"column":27},"end":{"line":479,"column":52}},"257":{"start":{"line":479,"column":2},"end":{"line":479,"column":52}},"258":{"start":{"line":481,"column":36},"end":{"line":482,"column":44}},"259":{"start":{"line":482,"column":2},"end":{"line":482,"column":44}},"260":{"start":{"line":484,"column":39},"end":{"line":485,"column":51}},"261":{"start":{"line":485,"column":2},"end":{"line":485,"column":51}},"262":{"start":{"line":487,"column":39},"end":{"line":488,"column":77}},"263":{"start":{"line":488,"column":2},"end":{"line":488,"column":77}},"264":{"start":{"line":490,"column":34},"end":{"line":491,"column":71}},"265":{"start":{"line":491,"column":2},"end":{"line":491,"column":71}},"266":{"start":{"line":493,"column":35},"end":{"line":494,"column":40}},"267":{"start":{"line":494,"column":2},"end":{"line":494,"column":40}},"268":{"start":{"line":496,"column":34},"end":{"line":497,"column":52}},"269":{"start":{"line":497,"column":2},"end":{"line":497,"column":52
[...]
:"binary-expr","locations":[{"start":{"line":41,"column":16},"end":{"line":41,"column":34}},{"start":{"line":41,"column":38},"end":{"line":41,"column":39}}],"line":41},"5":{"loc":{"start":{"line":41,"column":50},"end":{"line":41,"column":73}},"type":"binary-expr","locations":[{"start":{"line":41,"column":50},"end":{"line":41,"column":68}},{"start":{"line":41,"column":72},"end":{"line":41,"column":73}}],"line":41},"6":{"loc":{"start":{"line":44,"column":17},"end":{"line":44,"column":30}},"type":"binary-expr","locations":[{"start":{"line":44,"column":17},"end":{"line":44,"column":25}},{"start":{"line":44,"column":29},"end":{"line":44,"column":30}}],"line":44},"7":{"loc":{"start":{"line":44,"column":35},"end":{"line":44,"column":48}},"type":"binary-expr","locations":[{"start":{"line":44,"column":35},"end":{"line":44,"column":43}},{"start":{"line":44,"column":47},"end":{"line":44,"column":48}}],"line":44},"8":{"loc":{"start":{"line":44,"column":53},"end":{"line":44,"column":67}},"type":"binary-expr","locations":[{"start":{"line":44,"column":53},"end":{"line":44,"column":62}},{"start":{"line":44,"column":66},"end":{"line":44,"column":67}}],"line":44},"9":{"loc":{"start":{"line":44,"column":72},"end":{"line":44,"column":86}},"type":"binary-expr","locations":[{"start":{"line":44,"column":72},"end":{"line":44,"column":81}},{"start":{"line":44,"column":85},"end":{"line":44,"column":86}}],"line":44},"10":{"loc":{"start":{"line":50,"column":6},"end":{"line":53,"column":77}},"type":"if","locations":[{"start":{"line":50,"column":6},"end":{"line":53,"column":77}},{"start":{"line":51,"column":11},"end":{"line":53,"column":77}}],"line":50},"11":{"loc":{"start":{"line":51,"column":11},"end":{"line":53,"column":77}},"type":"if","locations":[{"start":{"line":51,"column":11},"end":{"line":53,"column":77}},{"start":{"line":52,"column":11},"end":{"line":53,"column":77}}],"line":51},"12":{"loc":{"start":{"line":52,"column":11},"end":{"line":53,"column":77}},"type":"if","locations":[{"start":{"line":52,"column":11},"end":{"line":53,"column":77}},{"start":{"line":53,"column":24},"end":{"line":53,"column":77}}],"line":52},"13":{"loc":{"start":{"line":54,"column":59},"end":{"line":54,"column":68}},"type":"binary-expr","locations":[{"start":{"line":54,"column":59},"end":{"line":54,"column":63}},{"start":{"line":54,"column":67},"end":{"line":54,"column":68}}],"line":54},"14":{"loc":{"start":{"line":73,"column":10},"end":{"line":73,"column":50}},"type":"cond-expr","locations":[{"start":{"line":73,"column":35},"end":{"line":73,"column":44}},{"start":{"line":73,"column":47},"end":{"line":73,"column":50}}],"line":73},"15":{"loc":{"start":{"line":77,"column":15},"end":{"line":77,"column":24}},"type":"binary-expr","locations":[{"start":{"line":77,"column":15},"end":{"line":77,"column":19}},{"start":{"line":77,"column":23},"end":{"line":77,"column":24}}],"line":77},"16":{"loc":{"start":{"line":78,"column":15},"end":{"line":78,"column":24}},"type":"binary-expr","locations":[{"start":{"line":78,"column":15},"end":{"line":78,"column":19}},{"start":{"line":78,"column":23},"end":{"line":78,"column":24}}],"line":78},"17":{"loc":{"start":{"line":87,"column":53},"end":{"line":87,"column":64}},"type":"default-arg","locations":[{"start":{"line":87,"column":62},"end":{"line":87,"column":64}}],"line":87},"18":{"loc":{"start":{"line":97,"column":18},"end":{"line":97,"column":31}},"type":"binary-expr","locations":[{"start":{"line":97,"column":18},"end":{"line":97,"column":26}},{"start":{"line":97,"column":30},"end":{"line":97,"column":31}}],"line":97},"19":{"loc":{"start":{"line":98,"column":18},"end":{"line":98,"column":35}},"type":"binary-expr","locations":[{"start":{"line":98,"column":18},"end":{"line":98,"column":30}},{"start":{"line":98,"column":34},"end":{"line":98,"column":35}}],"line":98},"20":{"loc":{"start":{"line":99,"column":9},"end":{"line":99,"column":30}},"type":"binary-expr","locations":[{"start":{"line":99,"column":9},"end":{"line":99,"column":25}},{"start":{"line":99,"column":29},"end":{"line":99,"column":30}}],"line":99},"21":{"loc":{"start":{"line":100,"column":9},"end":{"line":100,"column":30}},"type":"binary-expr","locations":[{"start":{"line":100,"column":9},"end":{"line":100,"column":25}},{"start":{"line":100,"column":29},"end":{"line":100,"column":30}}],"line":100},"22":{"loc":{"start":{"line":101,"column":9},"end":{"line":101,"column":30}},"type":"binary-expr","locations":[{"start":{"line":101,"column":9},"end":{"line":101,"column":25}},{"start":{"line":101,"column":29},"end":{"line":101,"column":30}}],"line":101},"23":{"loc":{"start":{"line":105,"column":36},"end":{"line":105,"column":47}},"type":"default-arg","locations":[{"start":{"line":105,"column":45},"end":{"line":105,"column":47}}],"line":105}},"s":{"0":16,"1":16,"2":16,"3":16,"4":16,"5":16,"6":256,"7":256,"8":0,"9":256,"10":256,"11":256,"12":160,"13":160,"14":16,"15":32,"16":32,"17":32,"18":32,"19":32,"20":32,"21":32,"22":32,"23":32,"24":1312,"25":32,"26":32,"27":32,"28":256,"29":32,"30":32,"31":64,"32":64,"33":64,"34":1024,"35":64,"36":64,"37":4096,"38":4096,"39":64,"40":64,"41":64,"42":64,"43":64,"44":64,"45":64,"46":5120,"47":1280,"48":1280,"49":3840,"50":1280,"51":1280,"52":2560,"53":1280,"54":1280,"55":1280,"56":1280,"57":5120,"58":5120,"59":5120,"60":5120,"61":5120,"62":5120,"63":64,"64":64,"65":64,"66":64,"67":64,"68":32,"69":32,"70":160,"71":160,"72":160,"73":160,"74":32,"75":16,"76":16,"77":16,"78":16,"79":16,"80":16,"81":1024,"82":1024,"83":16,"84":16,"85":16,"86":16,"87":16,"88":16,"89":16,"90":16,"91":16,"92":16,"93":128,"94":128,"95":16,"96":16,"97":16,"98":16,"99":33},"f":{"0":16,"1":32,"2":160,"3":16,"4":16,"5":33},"b":{"0":[0,256],"1":[160,96],"2":[1024,0],"3":[1024,0],"4":[1024,0],"5":[1024,0],"6":[4096,0],"7":[4096,0],"8":[4096,0],"9":[4096,0],"10":[1280,3840],"11":[1280,2560],"12":[1280,1280],"13":[5120,0],"14":[0,16],"15":[1024,864],"16":[1024,864],"17":[15],"18":[16,0],"19":[16,0],"20":[16,0],"21":[16,0],"22":[16,0],"23":[32]},"_coverageSchema":"1a1c01bbd47fc00a2c39e90264f33305004495a9","hash":"384eb605f0771f8415ac8bfdf85d86358432fe07"}
,"/Users/caleb/Desktop/GitHub/project404/aza/src/utils/transactionUtils.ts": {"path":"/Users/caleb/Desktop/GitHub/project404/aza/src/utils/transactionUtils.ts","statementMap":{"0":{"start":{"line":3,"column":37},"end":{"line":28,"column":1}},"1":{"start":{"line":4,"column":15},"end":{"line":4,"column":55}},"2":{"start":{"line":5,"column":15},"end":{"line":5,"column":82}},"3":{"start":{"line":6,"column":19},"end":{"line":6,"column":37}},"4":{"start":{"line":8,"column":2},"end":{"line":27,"column":4}},"5":{"start":{"line":30,"column":30},"end":{"line":36,"column":1}},"6":{"start":{"line":31,"column":17},"end":{"line":31,"column":54}},"7":{"start":{"line":32,"column":2},"end":{"line":35,"column":7}},"8":{"start":{"line":39,"column":14},"end":{"line":39,"column":24}},"9":{"start":{"line":40,"column":2},"end":{"line":44,"column":4}},"10":{"start":{"line":48,"column":20},"end":{"line":48,"column":30}},"11":{"start":{"line":49,"column":2},"end":{"line":49,"column":45}},"12":{"start":{"line":50,"column":2},"end":{"line":54,"column":4}},"13":{"start":{"line":58,"column":2},"end":{"line":58,"column":40}},"14":{"start":{"line":58,"column":21},"end":{"line":58,"column":40}},"15":{"start":{"line":59,"column":2},"end":{"line":59,"column":48}},"16":{"start":{"line":59,"column":25},"end":{"line":59,"column":48}},"17":{"start":{"line":61,"column":2},"end":{"line":61,"column":41}},"18":{"start":{"line":65,"column":2},"end":{"line":65,"column":42}},"19":{"start":{"line":65,"column":27},"end":{"line":65,"column":42}},"20":{"start":{"line":66,"column":2},"end":{"line":66,"column":50}},"21":{"start":{"line":66,"column":31},"end":{"line":66,"column":50}},"22":{"start":{"line":68,"column":15},"end":{"line":68,"column":42}},"23":{"start":{"line":69,"column":21},"end":{"line":69,"column":68}},"24":{"start":{"line":70,"column":2},"end":{"line":72,"column":91}},"25":{"start":{"line":75,"column":39},"end":{"line":103,"column":1}},"26":{"start":{"line":79,"column":17},"end":{"line":81,"column":3}},"27":{"start":{"line":80,"column":14},"end":{"line":80,"column":77}},"28":{"start":{"line":83,"column":17},"end":{"line":83,"column":49}},"29":{"start":{"line":84,"column":2},"end":{"line":88,"column":3}},"30":{"start":{"line":85,"column":16},"end":{"line":85,"column":50}},"31":{"start":{"line":86,"column":4},"end":{"line":86,"column":46}},"32":{"start":{"line":86,"column":26},"end":{"line":86,"column":46}},"33":{"start":{"line":87,"column":4},"end":{"line":87,"column":30}},"34":{"start":{"line":91,"column":22},"end":{"line":97,"column":4}},"35":{"start":{"line":92,"column":4},"end":{"line":92,"column":37}},"36":{"start":{"line":92,"column":27},"end":{"line":92,"column":37}},"37":{"start":{"line":93,"column":4},"end":{"line":93,"column":36}},"38":{"start":{"line":93,"column":27},"end":{"line":93,"column":36}},"39":{"start":{"line":94,"column":4},"end":{"line":94,"column":41}},"40":{"start":{"line":94,"column":31},"end":{"line":94,"column":41}},"41":{"start":{"line":95,"column":4},"end":{"line":95,"column":40}},"42":{"start":{"line":95,"column":31},"end":{"line":95,"column":40}},"43":{"start":{"line":96,"column":4},"end":{"line":96,"column":30}},"44":{"start":{"line":99,"column":2},"end":{"line":102,"column":6}},"45":{"start":{"line":99,"column":33},"end":{"line":102,"column":3}}},"fnMap":{"0":{"name":"(anonymous_0)","decl":{"start":{"line":3,"column":37},"end":{"line":3,"column":38}},"loc":{"start":{"line":3,"column":63},"end":{"line":28,"column":1}},"line":3},"1":{"name":"(anonymous_1)","decl":{"start":{"line":30,"column":30},"end":{"line":30,"column":31}},"loc":{"start":{"line":30,"column":76},"end":{"line":36,"column":1}},"line":30},"2":{"name":"isToday","decl":{"start":{"line":38,"column":9},"end":{"line":38,"column":16}},"loc":{"start":{"line":38,"column":38},"end":{"line":45,"column":1}},"line":38},"3":{"name":"isYesterday","decl":{"start":{"line":47,"column":9},"end":{"line":47,"column":20}},"loc":{"start":{"line":47,"column":42},"end":{"line":55,"column":1}},"line":47},"4":{"name":"getGroupKey","decl":{"start":{"line":57,"column":9},"end":{"line":57,"column":20}},"loc":{"start":{"line":57,"column":41},"end":{"line":62,"column":1}},"line":57},"5":{"name":"getGroupLabel","decl":{"start":{"line":64,"column":9},"end":{"line":64,"column":22}},"loc":{"start":{"line":64,"column":44},"end":{"line":73,"column":1}},"line":64},"6":{"name":"(anonymous_6)","decl":{"start":{"line":75,"column":39},"end":{"line":75,"column":40}},"loc":{"start":{"line":77,"column":47},"end":{"line":103,"column":1}},"line":77},"7":{"name":"(anonymous_7)","decl":{"start":{"line":80,"column":4},"end":{"line":80,"column":5}},"loc":{"start":{"line":80,"column":14},"end":{"line":80,"column":77}},"line":80},"8":{"name":"(anonymous_8)","decl":{"start":{"line":91,"column":53},"end":{"line":91,"column":54}},"loc":{"start":{"line":91,"column":63},"end":{"line":97,"column":3}},"line":91},"9":{"name":"(anonymous_9)","decl":{"start":{"line":99,"column":25},"end":{"line":99,"column":26}},"loc":{"start":{"line":99,"column":33},"end":{"line":102,"column":3}},"line":99}},"branchMap":{"0":{"loc":{"start":{"line":4,"column":24},"end":{"line":4,"column":54}},"type":"binary-expr","locations":[{"start":{"line":4,"column":24},"end":{"line":4,"column":38}},{"start":{"line":4,"column":42},"end":{"line":4,"column":54}}],"line":4},"1":{"loc":{"start":{"line":11,"column":6},"end":{"line":13,"column":36}},"type":"cond-expr","locations":[{"start":{"line":12,"column":10},"end":{"line":12,"column":39}},{"start":{"line":13,"column":10},"end":{"line":13,"column":36}}],"line":11},"2":{"loc":{"start":{"line":12,"column":10},"end":{"line":12,"column":39}},"type":"binary-expr","locations":[{"start":{"line":12,"column":10},"end":{"line":12,"column":26}},{"start":{"line":12,"column":30},"end":{"line":12,"column":39}}],"line":12},"3":{"loc":{"start":{"line":13,"column":10},"end":{"line":13,"column":36}},"type":"binary-expr","locations":[{"start":{"line":13,"column":10},"end":{"line":13,"column":23}},{"start":{"line":13,"column":27},"end":{"line":13,"column":36}}],"line":13},"4":{"loc":{"start":{"line":14,"column":10},"end":{"line":14,"column":62}},"type":"cond-expr","locations":[{"start":{"line":14,"column":34},"end":{"line":14,"column":49}},{"start":{"line":14,"column":52},"end":{"line":14,"column":62}}],"line":14},"5":{"loc":{"start":{"line":21,"column":10},"end":{"line":21,"column":23}},"type":"binary-expr","locations":[{"start":{"line":21,"column":10},"end":{"line":21,"column":17}},{"start":{"line":21,"column":21},"end":{"line":21,"column":23}}],"line":21},"6":{"loc":{"start":{"line":23,"column":14},"end":{"line":23,"column":31}},"type":"binary-expr","locations":[{"start":{"line":23,"column":14},"end":{"line":23,"column":25}},{"start":{"line":23,"column":29},"end":{"line":23,"column":31}}],"line":23},"7":{"loc":{"start":{"line":24,"column":17},"end":{"line":24,"column":37}},"type":"binary-expr","locations":[{"start":{"line":24,"column":17},"end":{"line":24,"column":31}},{"start":{"line":24,"column":35},"end":{"line":24,"column":37}}],"line":24},"8":{"loc":{"start":{"line":25,"column":17},"end":{"line":25,"column":39}},"type":"binary-expr","locations":[{"start":{"line":25,"column":17},"end":{"line":25,"column":31}},{"start":{"line":25,"column":35},"end":{"line":25,"column":39}}],"line":25},"9":{"loc":{"start":{"line":30,"column":47},"end":{"line":30,"column":71}},"type":"default-arg","locations":[{"start":{"line":30,"column":66},"end":{"line":30,"column":71}}],"line":30},"10":{"loc":{"start":{"line":31,"column":17},"end":{"line":31,"column":54}},"type":"cond-expr","locations":[{"start":{"line":31,"column":38},"end":{"line":31,"column":43}},{"start":{"line":31,"column":46},"end":{"line":31,"column":54}}],"line":31},"11":{"loc":{"start":{"line":41,"column":4},"end":{"line":43,"column":44}},"type":"binary-expr","locations":[{"start":{"line":41,"column":4},"end":{"line":41,"column":36}},{"start":{"line":42,"column":4},"end":{"line":42,"column":38}},{"start":{"line":43,"column":4},"end":{"line":43,"column":44}}],"line":41},"12":{"loc":{"start":{"line":51,"column":4},"end":{"line":53,"column":50}},"type":"binary-expr","locations":[{"start":{"line":51,"column":4},"end":{"line":51,"column":42}},{"start":{"line":52,"column":4},"end":{"line":52,"column":44}},{"start":{"line":53,"column":4},"end":{"line":53,"column":50}}],"line":51},"13":{"loc":{"start":{"line":58,"column":2},"end":{"line":58,"column":40}},"type":"if","locations":[{"start":{"line":58,"column":2},"end":{"line":58,"column":40}},{"start":{},"end":{}}],"line":58},"14":{"loc":{"start":{"line":59,"column":2},"end":{"line":59,"column":48}},"type":"if","locations":[{"start":{"line":59,"column":2},"end":{"line":59,"column":48}},{"start":{},"end":{}}],"line":59},"15":{"loc":{"start":{"line":65,"column":2},"end":{"line":65,"column":42}},"type":"if","locations":[{"start":{"line":65,"column":2},"end":{"line":65,"column":42}},{"start":{},"end":{}}],"line":65},"16":{"loc":{"start":{"line":66,"column":2},"end":{"line":66,"column":50}},"type":"if","locations":[{"start":{"line":66,"column":2},"end":{"line":66,"column":50}},{"start":{},"end":{}}],"line":66},"17":{"loc":{"start":{"line":70,"column":9},"end":{"line":72,"column":90}},"type":"cond-expr","locations":[{"start":{"line":71,"column":6},"end":{"line":71,"column":90}},{"start":{"line":72,"column":6},"end":{"line":72,"column":90}}],"line":70},"18":{"loc":{"start":{"line":86,"column":4},"end":{"line":86,"column":46}},"type":"if","locations":[{"start":{"line":86,"column":4},"end":{"line":86,"column":46}},{"start":{},"end":{}}],"line":86},"19":{"loc":{"start":{"line":92,"column":4},"end":{"line":92,"column":37}},"type":"if","locations":[{"start":{"line":92,"column":4},"end":{"line":92,"column":37}},{"start":{},"end":{}}],"line":92},"20":{"loc":{"start":{"line":93,"column":4},"end":{"line":93,"column":36}},"type":"if","locations":[{"start":{"line":93,"column":4},"end":{"line":93,"column":36}},{"start":{},"end":{}}],"line":93},"21":{"loc":{"start":{"line":94,"column":4},"end":{"line":94,"column":41}},"type":"if","locations":[{"start":{"line":94,"column":4},"end":{"line":94,"column":41}},{"start":{},"end":{}}],"line":94},"22":{"loc":{"start":{"line":95,"column":4},"end":{"line":95,"column":40}},"type":"if","locations":[{"start":{"line":95,"column":4},"end":{"line":95,"column":40}},{"start":{},"end":{}}],"line":95}},"s":{"0":1,"1":8,"2":8,"3":8,"4":8,"5":1,"6":4,"7":4,"8":8,"9":8,"10":2,"11":2,"12":2,"13":8,"14":6,"15":2,"16":2,"17":0,"18":6,"19":4,"20":2,"21":2,"22":0,"23":0,"24":0,"25":1,"26":6,"27":3,"28":6,"29":6,"30":8,"31":8,"32":6,"33":8,"34":6,"35":1,"36":0,"37":1,"38":1,"39":0,"40":0,"41":0,"42":0,"43":0,"44":6,"45":6},"f":{"0":8,"1":4,"2":8,"3":2,"4":8,"5":6,"6":6,"7":3,"8":1,"9":6},"b":{"0":[8,1],"1":[7,1],"2":[7,0],"3":[1,0],"4":[1,7],"5":[8,1],"6":[8,0],"7":[8,0],"8":[8,0],"9":[1],"10":[3,1],"11":[8,6,6],"12":[2,2,2],"13":[6,2],"14":[2,0],"15":[4,2],"16":[2,0],"17":[0,0],"18":[6,2],"19":[0,1],"20":[1,0],"21":[0,0],"22":[0,0]},"_coverageSchema":"1a1c01bbd47fc00a2c39e90264f33305004495a9","hash":"25f8e2e60293060d33f532ac348d3ea6152653c5"}
,"/Users/caleb/Desktop/GitHub/project404/aza/src/utils/validation.ts": {"path":"/Users/caleb/Desktop/GitHub/project404/aza/src/utils/validation.ts","statementMap":{"0":{"start":{"line":3,"column":17},"end":{"line":3,"column":48}},"1":{"start":{"line":6,"column":2},"end":{"line":6,"column":37}},"2":{"start":{"line":13,"column":17},"end":{"line":13,"column":41}},"3":{"start":{"line":16,"column":17},"end":{"line":16,"column":41}},"4":{"start":{"line":17,"column":2},"end":{"line":17,"column":82}},"5":{"start":{"line":28,"column":2},"end":{"line":34,"column":4}},"6":{"start":{"line":38,"column":2},"end":{"line":38,"column":56}},"7":{"start":{"line":38,"column":49},"end":{"line":38,"column":54}},"8":{"start":{"line":44,"column":16},"end":{"line":44,"column":39}},"9":{"start":{"line":47,"column":2},"end":{"line":47,"column":36}},"10":{"start":{"line":54,"column":2},"end":{"line":54,"column":54}}},"fnMap":{"0":{"name":"isValidEmail","decl":{"start":{"line":5,"column":16},"end":{"line":5,"column":28}},"loc":{"start":{"line":5,"column":53},"end":{"line":7,"column":1}},"line":5},"1":{"name":"isValidPhone","decl":{"start":{"line":15,"column":16},"end":{"line":15,"column":28}},"loc":{"start":{"line":15,"column":53},"end":{"line":18,"column":1}},"line":15},"2":{"name":"getPasswordRules","decl":{"start":{"line":27,"column":16},"end":{"line":27,"column":32}},"loc":{"start":{"line":27,"column":67},"end":{"line":35,"column":1}},"line":27},"3":{"name":"isValidPassword","decl":{"start":{"line":37,"column":16},"end":{"line":37,"column":31}},"loc":{"start":{"line":37,"column":59},"end":{"line":39,"column":1}},"line":37},"4":{"name":"(anonymous_4)","decl":{"start":{"line":38,"column":42},"end":{"line":38,"column":43}},"loc":{"start":{"line":38,"column":49},"end":{"line":38,"column":54}},"line":38},"5":{"name":"isValidName","decl":{"start":{"line":46,"column":16},"end":{"line":46,"column":27}},"loc":{"start":{"line":46,"column":52},"end":{"line":48,"column":1}},"line":46},"6":{"name":"sanitizeText","decl":{"start":{"line":53,"column":16},"end":{"line":53,"column":28}},"loc":{"start":{"line":53,"column":52},"end":{"line":55,"column":1}},"line":53}},"branchMap":{"0":{"loc":{"start":{"line":17,"column":9},"end":{"line":17,"column":81}},"type":"binary-expr","locations":[{"start":{"line":17,"column":9},"end":{"line":17,"column":27}},{"start":{"line":17,"column":31},"end":{"line":17,"column":50}},{"start":{"line":17,"column":54},"end":{"line":17,"column":81}}],"line":17}},"s":{"0":1,"1":8,"2":1,"3":7,"4":7,"5":12,"6":7,"7":25,"8":1,"9":7,"10":4},"f":{"0":8,"1":7,"2":12,"3":7,"4":25,"5":7,"6":4},"b":{"0":[7,6,5]},"_coverageSchema":"1a1c01bbd47fc00a2c39e90264f33305004495a9","hash":"8488cc03dcc0f90531f3d448f96d2d8a3e8f7957"}
}
