TN:
SF:src/crypto/codec.ts
FN:8,bytesToBase64
FN:22,base64ToBytes
FN:44,(anonymous_2)
FN:45,(anonymous_3)
FN:48,constantTimeEqual
FNF:5
FNH:4
FNDA:75,bytesToBase64
FNDA:48,base64ToBytes
FNDA:146,(anonymous_2)
FNDA:10,(anonymous_3)
FNDA:0,constantTimeEqual
DA:6,5
DA:9,75
DA:10,75
DA:11,1243
DA:12,1243
DA:13,1243
DA:14,1243
DA:15,1243
DA:16,1243
DA:17,1243
DA:19,75
DA:23,48
DA:24,48
DA:25,48
DA:26,48
DA:27,48
DA:28,48
DA:29,859
DA:30,859
DA:31,859
DA:32,859
DA:33,859
DA:34,859
DA:35,859
DA:36,859
DA:38,48
DA:41,5
DA:42,5
DA:44,146
DA:45,10
DA:49,0
DA:50,0
DA:51,0
DA:52,0
LF:34
LH:30
BRDA:12,0,0,1236
BRDA:12,0,1,7
BRDA:13,1,0,1171
BRDA:13,1,1,72
BRDA:16,2,0,1236
BRDA:16,2,1,7
BRDA:17,3,0,1171
BRDA:17,3,1,72
BRDA:24,4,0,6
BRDA:24,4,1,42
BRDA:24,5,0,35
BRDA:24,5,1,7
BRDA:34,6,0,859
BRDA:34,6,1,0
BRDA:35,7,0,853
BRDA:35,7,1,6
BRDA:36,8,0,817
BRDA:36,8,1,42
BRDA:49,9,0,0
BRDA:49,9,1,0
BRF:20
BRH:17
end_of_record
TN:
SF:src/crypto/e2ee.ts
FN:57,generateX25519
FN:63,generateEd25519
FN:69,signEd25519
FN:74,verifyEd25519
FN:87,deriveSharedSecret
FN:92,deriveAesKey
FN:115,buildAad
FN:137,buildInfo
FN:152,encryptForRecipient
FN:195,decryptFromSender
FN:241,safetyNumber
FN:263,compareBytes
FN:283,concatBytes
FN:296,buildRootInfo
FN:301,buildMsg0Info
FN:306,buildMsgNInfo
FN:315,buildChainInfo
FN:320,buildAadV3
FN:343,establishSessionAsSender
FN:394,establishSessionAsRecipient
FN:461,encryptFirstMessageV3
FN:516,encryptFollowupMessageV3
FN:575,decryptV3
FNF:23
FNH:20
FNDA:100,generateX25519
FNDA:0,generateEd25519
FNDA:0,signEd25519
FNDA:0,verifyEd25519
FNDA:101,deriveSharedSecret
FNDA:17,deriveAesKey
FNDA:18,buildAad
FNDA:12,buildInfo
FNDA:6,encryptForRecipient
FNDA:8,decryptFromSender
FNDA:5,safetyNumber
FNDA:5,compareBytes
FNDA:28,concatBytes
FNDA:23,buildRootInfo
FNDA:17,buildMsg0Info
FNDA:5,buildMsgNInfo
FNDA:5,buildChainInfo
FNDA:23,buildAadV3
FNDA:16,establishSessionAsSender
FNDA:7,establishSessionAsRecipient
FNDA:12,encryptFirstMessageV3
FNDA:3,encryptFollowupMessageV3
FNDA:8,decryptV3
DA:58,100
DA:59,100
DA:64,0
DA:65,0
DA:70,0
DA:79,0
DA:80,0
DA:82,0
DA:88,101
DA:97,17
DA:121,18
DA:122,6
DA:128,12
DA:134,12
DA:141,12
DA:158,6
DA:160,6
DA:161,6
DA:162,6
DA:163,6
DA:164,6
DA:166,6
DA:167,6
DA:168,6
DA:169,6
DA:171,6
DA:172,6
DA:173,6
DA:175,6
DA:181,6
DA:201,8
DA:202,8
DA:203,8
DA:204,8
DA:205,8
DA:207,6
DA:208,6
DA:209,6
DA:210,6
DA:213,6
DA:220,6
DA:221,11
DA:222,11
DA:223,11
DA:224,1
DA:229,5
DA:231,0
DA:244,5
DA:247,5
DA:248,5
DA:249,5
DA:250,5
DA:253,5
DA:254,5
DA:255,25
DA:256,125
DA:257,25
DA:259,5
DA:260,5
DA:264,5
DA:265,5
DA:266,5
DA:268,0
DA:284,28
DA:285,125
DA:286,28
DA:287,28
DA:288,28
DA:289,125
DA:290,125
DA:292,28
DA:297,23
DA:302,17
DA:307,5
DA:316,5
DA:325,23
DA:352,16
DA:353,16
DA:354,16
DA:355,16
DA:356,16
DA:357,16
DA:359,16
DA:366,16
DA:367,16
DA:368,16
DA:377,16
DA:378,16
DA:379,16
DA:380,16
DA:381,16
DA:383,16
DA:385,16
DA:411,7
DA:418,7
DA:419,7
DA:420,7
DA:422,7
DA:426,7
DA:427,7
DA:428,7
DA:436,7
DA:437,7
DA:438,7
DA:439,7
DA:440,7
DA:442,7
DA:468,12
DA:470,12
DA:476,12
DA:478,12
DA:485,12
DA:486,12
DA:487,12
DA:489,12
DA:490,12
DA:491,12
DA:493,12
DA:501,12
DA:502,12
DA:523,3
DA:524,3
DA:525,3
DA:526,3
DA:527,3
DA:530,3
DA:538,3
DA:546,3
DA:547,3
DA:548,3
DA:549,3
DA:551,3
DA:552,3
DA:553,3
DA:555,3
DA:556,3
DA:557,3
DA:560,3
DA:565,3
DA:588,8
DA:597,8
DA:599,8
DA:600,8
DA:601,8
DA:602,8
DA:603,8
DA:604,8
DA:606,8
DA:608,8
DA:609,5
DA:610,5
DA:611,5
DA:620,5
DA:627,5
DA:628,5
DA:629,3
DA:632,2
DA:633,2
DA:635,5
DA:640,3
DA:641,2
DA:642,2
DA:643,2
DA:651,2
DA:658,2
DA:659,2
DA:661,1
DA:663,1
DA:664,1
DA:666,2
DA:667,2
DA:668,2
DA:671,0
LF:173
LH:164
BRDA:121,0,0,6
BRDA:121,0,1,12
BRDA:205,1,0,2
BRDA:205,1,1,6
BRDA:244,2,0,2
BRDA:244,2,1,3
BRDA:254,3,0,30
BRDA:254,3,1,25
BRDA:266,4,0,5
BRDA:266,4,1,0
BRDA:359,5,0,9
BRDA:359,5,1,7
BRDA:359,6,0,16
BRDA:359,6,1,9
BRDA:380,7,0,9
BRDA:380,7,1,7
BRDA:422,8,0,6
BRDA:422,8,1,1
BRDA:422,9,0,7
BRDA:422,9,1,6
BRDA:439,10,0,6
BRDA:439,10,1,1
BRDA:497,11,0,6
BRDA:497,11,1,6
BRDA:601,12,0,0
BRDA:601,12,1,8
BRDA:608,13,0,5
BRDA:608,13,1,3
BRDA:609,14,0,0
BRDA:609,14,1,5
BRDA:614,15,0,5
BRDA:614,15,1,0
BRDA:640,16,0,1
BRDA:640,16,1,2
BRF:34
BRH:30
end_of_record
TN:
SF:src/crypto/keystore.ts
FN:27,(anonymous_0)
FN:28,(anonymous_1)
FN:29,(anonymous_2)
FN:31,(anonymous_3)
FN:34,(anonymous_4)
FN:35,(anonymous_5)
FN:40,(anonymous_6)
FN:41,(anonymous_7)
FN:44,(anonymous_8)
FN:59,readPair
FN:69,writePair
FN:77,decodePair
FN:82,getOrCreateIdentityX25519
FN:91,getOrCreateIdentityEd25519
FN:100,ensureSignedPreKey
FN:126,isSignedPreKeyStale
FN:142,rotateSignedPreKey
FN:164,getSignedPreKeyPrivate
FN:176,getPreviousSignedPreKeyPrivate
FN:194,generateOneTimePreKeys
FN:197,(anonymous_20)
FN:217,otpkPrivateCount
FN:226,consumeOneTimePreKey
FN:235,(anonymous_23)
FN:244,readOneTimePreKey
FN:257,deleteConsumedOneTimePreKey
FN:263,(anonymous_26)
FN:267,purgeAllOneTimePreKeys
FN:271,(anonymous_28)
FN:278,readOtpkIndex
FN:283,(anonymous_30)
FN:289,writeOtpkIndex
FN:299,migrateLegacyOtpkBlob
FN:338,wipeIdentity
FN:340,(anonymous_34)
FNF:35
FNH:0
FNDA:0,(anonymous_0)
FNDA:0,(anonymous_1)
FNDA:0,(anonymous_2)
FNDA:0,(anonymous_3)
FNDA:0,(anonymous_4)
FNDA:0,(anonymous_5)
FNDA:0,(anonymous_6)
FNDA:0,(anonymous_7)
FNDA:0,(anonymous_8)
FNDA:0,readPair
FNDA:0,writePair
FNDA:0,decodePair
FNDA:0,getOrCreateIdentityX25519
FNDA:0,getOrCreateIdentityEd25519
FNDA:0,ensureSignedPreKey
FNDA:0,isSignedPreKeyStale
FNDA:0,rotateSignedPreKey
FNDA:0,getSignedPreKeyPrivate
FNDA:0,getPreviousSignedPreKeyPrivate
FNDA:0,generateOneTimePreKeys
FNDA:0,(anonymous_20)
FNDA:0,otpkPrivateCount
FNDA:0,consumeOneTimePreKey
FNDA:0,(anonymous_23)
FNDA:0,readOneTimePreKey
FNDA:0,deleteConsumedOneTimePreKey
FNDA:0,(anonymous_26)
FNDA:0,purgeAllOneTimePreKeys
FNDA:0,(anonymous_28)
FNDA:0,readOtpkIndex
FNDA:0,(anonymous_30)
FNDA:0,writeOtpkIndex
FNDA:0,migrateLegacyOtpkBlob
FNDA:0,wipeIdentity
FNDA:0,(anonymous_34)
DA:27,1
DA:28,1
DA:29,1
DA:31,1
DA:34,1
DA:35,1
DA:40,1
DA:41,1
DA:42,0
DA:44,1
DA:46,1
DA:48,1
DA:50,1
DA:51,1
DA:60,0
DA:61,0
DA:62,0
DA:63,0
DA:65,0
DA:70,0
DA:74,0
DA:78,0
DA:83,0
DA:84,0
DA:85,0
DA:86,0
DA:87,0
DA:92,0
DA:93,0
DA:94,0
DA:95,0
DA:96,0
DA:104,0
DA:105,0
DA:107,0
DA:108,0
DA:109,0
DA:111,0
DA:112,0
DA:113,0
DA:115,0
DA:116,0
DA:117,0
DA:118,0
DA:119,0
DA:130,0
DA:131,0
DA:132,0
DA:133,0
DA:134,0
DA:147,0
DA:148,0
DA:149,0
DA:150,0
DA:152,0
DA:153,0
DA:154,0
DA:155,0
DA:156,0
DA:165,0
DA:166,0
DA:167,0
DA:177,0
DA:178,0
DA:179,0
DA:180,0
DA:181,0
DA:182,0
DA:184,0
DA:185,0
DA:195,0
DA:196,0
DA:197,0
DA:199,0
DA:200,0
DA:201,0
DA:202,0
DA:203,0
DA:204,0
DA:209,0
DA:210,0
DA:212,0
DA:213,0
DA:218,0
DA:219,0
DA:230,0
DA:231,0
DA:232,0
DA:233,0
DA:234,0
DA:235,0
DA:236,0
DA:248,0
DA:249,0
DA:250,0
DA:261,0
DA:262,0
DA:263,0
DA:268,0
DA:269,0
DA:270,0
DA:272,0
DA:275,0
DA:279,0
DA:280,0
DA:281,0
DA:282,0
DA:283,0
DA:285,0
DA:290,0
DA:298,1
DA:300,0
DA:301,0
DA:302,0
DA:303,0
DA:307,0
DA:308,0
DA:309,0
DA:310,0
DA:311,0
DA:313,0
DA:314,0
DA:315,0
DA:316,0
DA:317,0
DA:318,0
DA:323,0
DA:325,0
DA:326,0
DA:330,0
DA:340,0
DA:341,0
DA:350,0
DA:353,1
LF:134
LH:15
BRDA:61,0,0,0
BRDA:61,0,1,0
BRDA:84,1,0,0
BRDA:84,1,1,0
BRDA:93,2,0,0
BRDA:93,2,1,0
BRDA:105,3,0,0
BRDA:105,3,1,0
BRDA:108,4,0,0
BRDA:108,4,1,0
BRDA:128,5,0,0
BRDA:131,6,0,0
BRDA:131,6,1,0
BRDA:133,7,0,0
BRDA:133,7,1,0
BRDA:148,8,0,0
BRDA:148,8,1,0
BRDA:166,9,0,0
BRDA:166,9,1,0
BRDA:178,10,0,0
BRDA:178,10,1,0
BRDA:179,11,0,0
BRDA:179,11,1,0
BRDA:185,12,0,0
BRDA:185,12,1,0
BRDA:197,13,0,0
BRDA:197,13,1,0
BRDA:232,14,0,0
BRDA:232,14,1,0
BRDA:250,15,0,0
BRDA:250,15,1,0
BRDA:280,16,0,0
BRDA:280,16,1,0
BRDA:283,17,0,0
BRDA:283,17,1,0
BRDA:300,18,0,0
BRDA:300,18,1,0
BRDA:307,19,0,0
BRDA:307,19,1,0
BRDA:309,20,0,0
BRDA:309,20,1,0
BRDA:309,21,0,0
BRDA:309,21,1,0
BRDA:316,22,0,0
BRDA:316,22,1,0
BRDA:316,23,0,0
BRDA:316,23,1,0
BRDA:317,24,0,0
BRDA:317,24,1,0
BRF:49
BRH:0
end_of_record
TN:
SF:src/crypto/random.ts
FNF:0
FNH:0
LF:0
LH:0
BRF:0
BRH:0
end_of_record
TN:
SF:src/features/hub/miniapps/MyBusinessApp/helpers.ts
FN:1,extractData
FN:5,fmtAmount
FN:10,fmtDate
FN:17,statusLabel
FNF:4
FNH:4
FNDA:4,extractData
FNDA:6,fmtAmount
FNDA:3,fmtDate
FNDA:4,statusLabel
DA:2,4
DA:6,6
DA:7,4
DA:11,3
DA:12,1
DA:18,4
LF:6
LH:6
BRDA:2,0,0,4
BRDA:2,0,1,3
BRDA:5,1,0,4
BRDA:6,2,0,2
BRDA:6,2,1,4
BRDA:7,3,0,3
BRDA:7,3,1,1
BRDA:11,4,0,2
BRDA:11,4,1,1
BRF:9
BRH:9
end_of_record
TN:
SF:src/providers/authEvents.ts
FN:19,subscribeAuthEvents
FN:21,(anonymous_1)
FN:26,emitAuthEvent
FN:31,(anonymous_3)
FNF:4
FNH:0
FNDA:0,subscribeAuthEvents
FNDA:0,(anonymous_1)
FNDA:0,emitAuthEvent
FNDA:0,(anonymous_3)
DA:17,1
DA:20,0
DA:21,0
DA:22,0
DA:27,0
DA:28,0
DA:29,0
DA:30,0
DA:31,0
DA:33,0
DA:38,0
LF:11
LH:1
BRDA:30,0,0,0
BRDA:30,0,1,0
BRDA:30,1,0,0
BRDA:30,1,1,0
BRF:4
BRH:0
end_of_record
TN:
SF:src/services/api.ts
FN:37,(anonymous_0)
FN:58,(anonymous_1)
FN:67,(anonymous_2)
FN:71,(anonymous_3)
FN:78,(anonymous_4)
FN:84,(anonymous_5)
FN:97,(anonymous_6)
FN:100,(anonymous_7)
FN:113,(anonymous_8)
FN:116,(anonymous_9)
FN:119,(anonymous_10)
FN:122,(anonymous_11)
FN:125,(anonymous_12)
FN:128,(anonymous_13)
FN:131,(anonymous_14)
FN:136,(anonymous_15)
FN:138,(anonymous_16)
FN:140,(anonymous_17)
FN:145,(anonymous_18)
FN:162,(anonymous_19)
FN:171,(anonymous_20)
FN:182,(anonymous_21)
FN:193,(anonymous_22)
FN:202,(anonymous_23)
FN:204,(anonymous_24)
FN:208,(anonymous_25)
FN:210,(anonymous_26)
FN:213,(anonymous_27)
FN:215,(anonymous_28)
FN:221,(anonymous_29)
FN:223,(anonymous_30)
FN:231,(anonymous_31)
FN:239,(anonymous_32)
FN:247,(anonymous_33)
FN:250,(anonymous_34)
FN:253,(anonymous_35)
FN:256,(anonymous_36)
FN:261,(anonymous_37)
FN:264,(anonymous_38)
FN:267,(anonymous_39)
FN:270,(anonymous_40)
FN:275,(anonymous_41)
FN:277,(anonymous_42)
FN:280,(anonymous_43)
FN:283,(anonymous_44)
FN:292,(anonymous_45)
FN:295,(anonymous_46)
FN:298,(anonymous_47)
FN:299,(anonymous_48)
FN:300,(anonymous_49)
FN:301,(anonymous_50)
FN:302,(anonymous_51)
FN:303,(anonymous_52)
FN:304,(anonymous_53)
FN:305,(anonymous_54)
FN:306,(anonymous_55)
FN:307,(anonymous_56)
FN:308,(anonymous_57)
FN:309,(anonymous_58)
FN:313,(anonymous_59)
FN:316,(anonymous_60)
FN:319,(anonymous_61)
FN:322,(anonymous_62)
FN:327,(anonymous_63)
FN:330,(anonymous_64)
FN:333,(anonymous_65)
FN:336,(anonymous_66)
FN:339,(anonymous_67)
FN:342,(anonymous_68)
FN:344,(anonymous_69)
FN:347,(anonymous_70)
FN:350,(anonymous_71)
FN:353,(anonymous_72)
FN:356,(anonymous_73)
FN:359,(anonymous_74)
FN:362,(anonymous_75)
FN:365,(anonymous_76)
FN:372,(anonymous_77)
FN:374,(anonymous_78)
FN:376,(anonymous_79)
FN:379,(anonymous_80)
FN:382,(anonymous_81)
FN:387,(anonymous_82)
FN:390,(anonymous_83)
FN:398,(anonymous_84)
FN:401,(anonymous_85)
FN:404,(anonymous_86)
FN:407,(anonymous_87)
FN:413,(anonymous_88)
FN:416,(anonymous_89)
FN:421,(anonymous_90)
FN:424,(anonymous_91)
FN:427,(anonymous_92)
FN:430,(anonymous_93)
FN:433,(anonymous_94)
FN:436,(anonymous_95)
FN:439,(anonymous_96)
FN:442,(anonymous_97)
FN:445,(anonymous_98)
FN:447,(anonymous_99)
FN:450,(anonymous_100)
FN:453,(anonymous_101)
FN:456,(anonymous_102)
FN:459,(anonymous_103)
FN:468,(anonymous_104)
FN:473,(anonymous_105)
FN:475,(anonymous_106)
FN:478,(anonymous_107)
FN:481,(anonymous_108)
FN:484,(anonymous_109)
FN:487,(anonymous_110)
FN:490,(anonymous_111)
FN:493,(anonymous_112)
FN:496,(anonymous_113)
FN:499,(anonymous_114)
FN:502,(anonymous_115)
FN:505,(anonymous_116)
FN:508,(anonymous_117)
FN:511,(anonymous_118)
FN:514,(anonymous_119)
FN:517,(anonymous_120)
FN:520,(anonymous_121)
FN:523,(anonymous_122)
FN:526,(anonymous_123)
FN:529,(anonymous_124)
FN:532,(anonymous_125)
FN:537,(anonymous_126)
FN:540,(anonymous_127)
FN:543,(anonymous_128)
FN:546,(anonymous_129)
FN:549,(anonymous_130)
FN:552,(anonymous_131)
FN:555,(anonymous_132)
FN:558,(anonymous_133)
FN:561,(anonymous_134)
FN:564,(anonymous_135)
FN:567,(anonymous_136)
FN:572,(anonymous_137)
FN:576,(anonymous_138)
FN:580,(anonymous_139)
FN:586,(anonymous_140)
FN:588,(anonymous_141)
FN:591,(anonymous_142)
FN:600,(anonymous_143)
FN:608,(anonymous_144)
FN:610,(anonymous_145)
FN:622,(anonymous_146)
FN:631,(anonymous_147)
FN:633,(anonymous_148)
FN:636,(anonymous_149)
FN:644,(anonymous_150)
FN:646,(anonymous_151)
FN:655,(anonymous_152)
FN:661,(anonymous_153)
FN:664,(anonymous_154)
FN:667,(anonymous_155)
FN:670,(anonymous_156)
FN:672,(anonymous_157)
FN:675,(anonymous_158)
FN:678,(anonymous_159)
FN:681,(anonymous_160)
FN:684,(anonymous_161)
FN:687,(anonymous_162)
FN:690,(anonymous_163)
FN:693,(anonymous_164)
FN:696,(anonymous_165)
FN:699,(anonymous_166)
FN:702,(anonymous_167)
FN:705,(anonymous_168)
FN:714,(anonymous_169)
FN:717,(anonymous_170)
FN:720,(anonymous_171)
FN:723,(anonymous_172)
FN:726,(anonymous_173)
FN:734,(anonymous_174)
FN:739,(anonymous_175)
FN:744,(anonymous_176)
FN:747,(anonymous_177)
FN:767,(anonymous_178)
FN:769,(anonymous_179)
FN:772,(anonymous_180)
FN:775,(anonymous_181)
FN:778,(anonymous_182)
FN:781,(anonymous_183)
FN:784,(anonymous_184)
FN:787,(anonymous_185)
FN:790,(anonymous_186)
FN:793,(anonymous_187)
FN:796,(anonymous_188)
FN:799,(anonymous_189)
FN:801,(anonymous_190)
FN:804,(anonymous_191)
FN:807,(anonymous_192)
FN:810,(anonymous_193)
FN:829,(anonymous_194)
FN:832,(anonymous_195)
FN:835,(anonymous_196)
FN:839,(anonymous_197)
FN:849,(anonymous_198)
FN:850,(anonymous_199)
FN:862,(anonymous_200)
FN:877,(anonymous_201)
FN:882,(anonymous_202)
FN:883,(anonymous_203)
FN:884,(anonymous_204)
FN:934,(anonymous_205)
FN:937,(anonymous_206)
FN:941,(anonymous_207)
FN:1014,(anonymous_208)
FN:1015,(anonymous_209)
FN:1016,(anonymous_210)
FN:1017,(anonymous_211)
FN:1018,(anonymous_212)
FN:1022,(anonymous_213)
FN:1026,(anonymous_214)
FN:1028,(anonymous_215)
FN:1034,(anonymous_216)
FN:1038,(anonymous_217)
FN:1039,(anonymous_218)
FN:1040,(anonymous_219)
FN:1044,(anonymous_220)
FN:1049,(anonymous_221)
FN:1051,(anonymous_222)
FN:1054,(anonymous_223)
FN:1056,(anonymous_224)
FN:1059,(anonymous_225)
FN:1062,(anonymous_226)
FN:1065,(anonymous_227)
FN:1068,(anonymous_228)
FNF:229
FNH:1
FNDA:1,(anonymous_0)
FNDA:0,(anonymous_1)
FNDA:0,(anonymous_2)
FNDA:0,(anonymous_3)
FNDA:0,(anonymous_4)
FNDA:0,(anonymous_5)
FNDA:0,(anonymous_6)
FNDA:0,(anonymous_7)
FNDA:0,(anonymous_8)
FNDA:0,(anonymous_9)
FNDA:0,(anonymous_10)
FNDA:0,(anonymous_11)
FNDA:0,(anonymous_12)
FNDA:0,(anonymous_13)
FNDA:0,(anonymous_14)
FNDA:0,(anonymous_15)
FNDA:0,(anonymous_16)
FNDA:0,(anonymous_17)
FNDA:0,(anonymous_18)
FNDA:0,(anonymous_19)
FNDA:0,(anonymous_20)
FNDA:0,(anonymous_21)
FNDA:0,(anonymous_22)
FNDA:0,(anonymous_23)
FNDA:0,(anonymous_24)
FNDA:0,(anonymous_25)
FNDA:0,(anonymous_26)
FNDA:0,(anonymous_27)
FNDA:0,(anonymous_28)
FNDA:0,(anonymous_29)
FNDA:0,(anonymous_30)
FNDA:0,(anonymous_31)
FNDA:0,(anonymous_32)
FNDA:0,(anonymous_33)
FNDA:0,(anonymous_34)
FNDA:0,(anonymous_35)
FNDA:0,(anonymous_36)
FNDA:0,(anonymous_37)
FNDA:0,(anonymous_38)
FNDA:0,(anonymous_39)
FNDA:0,(anonymous_40)
FNDA:0,(anonymous_41)
FNDA:0,(anonymous_42)
FNDA:0,(anonymous_43)
FNDA:0,(anonymous_44)
FNDA:0,(anonymous_45)
FNDA:0,(anonymous_46)
FNDA:0,(anonymous_47)
FNDA:0,(anonymous_48)
FNDA:0,(anonymous_49)
FNDA:0,(anonymous_50)
FNDA:0,(anonymous_51)
FNDA:0,(anonymous_52)
FNDA:0,(anonymous_53)
FNDA:0,(anonymous_54)
FNDA:0,(anonymous_55)
FNDA:0,(anonymous_56)
FNDA:0,(anonymous_57)
FNDA:0,(anonymous_58)
FNDA:0,(anonymous_59)
FNDA:0,(anonymous_60)
FNDA:0,(anonymous_61)
FNDA:0,(anonymous_62)
FNDA:0,(anonymous_63)
FNDA:0,(anonymous_64)
FNDA:0,(anonymous_65)
FNDA:0,(anonymous_66)
FNDA:0,(anonymous_67)
FNDA:0,(anonymous_68)
FNDA:0,(anonymous_69)
FNDA:0,(anonymous_70)
FNDA:0,(anonymous_71)
FNDA:0,(anonymous_72)
FNDA:0,(anonymous_73)
FNDA:0,(anonymous_74)
FNDA:0,(anonymous_75)
FNDA:0,(anonymous_76)
FNDA:0,(anonymous_77)
FNDA:0,(anonymous_78)
FNDA:0,(anonymous_79)
FNDA:0,(anonymous_80)
FNDA:0,(anonymous_81)
FNDA:0,(anonymous_82)
FNDA:0,(anonymous_83)
FNDA:0,(anonymous_84)
FNDA:0,(anonymous_85)
FNDA:0,(anonymous_86)
FNDA:0,(anonymous_87)
FNDA:0,(anonymous_88)
FNDA:0,(anonymous_89)
FNDA:0,(anonymous_90)
FNDA:0,(anonymous_91)
FNDA:0,(anonymous_92)
FNDA:0,(anonymous_93)
FNDA:0,(anonymous_94)
FNDA:0,(anonymous_95)
FNDA:0,(anonymous_96)
FNDA:0,(anonymous_97)
FNDA:0,(anonymous_98)
FNDA:0,(anonymous_99)
FNDA:0,(anonymous_100)
FNDA:0,(anonymous_101)
FNDA:0,(anonymous_102)
FNDA:0,(anonymous_103)
FNDA:0,(anonymous_104)
FNDA:0,(anonymous_105)
FNDA:0,(anonymous_106)
FNDA:0,(anonymous_107)
FNDA:0,(anonymous_108)
FNDA:0,(anonymous_109)
FNDA:0,(anonymous_110)
FNDA:0,(anonymous_111)
FNDA:0,(anonymous_112)
FNDA:0,(anonymous_113)
FNDA:0,(anonymous_114)
FNDA:0,(anonymous_115)
FNDA:0,(anonymous_116)
FNDA:0,(anonymous_117)
FNDA:0,(anonymous_118)
FNDA:0,(anonymous_119)
FNDA:0,(anonymous_120)
FNDA:0,(anonymous_121)
FNDA:0,(anonymous_122)
FNDA:0,(anonymous_123)
FNDA:0,(anonymous_124)
FNDA:0,(anonymous_125)
FNDA:0,(anonymous_126)
FNDA:0,(anonymous_127)
FNDA:0,(anonymous_128)
FNDA:0,(anonymous_129)
FNDA:0,(anonymous_130)
FNDA:0,(anonymous_131)
FNDA:0,(anonymous_132)
FNDA:0,(anonymous_133)
FNDA:0,(anonymous_134)
FNDA:0,(anonymous_135)
FNDA:0,(anonymous_136)
FNDA:0,(anonymous_137)
FNDA:0,(anonymous_138)
FNDA:0,(anonymous_139)
FNDA:0,(anonymous_140)
FNDA:0,(anonymous_141)
FNDA:0,(anonymous_142)
FNDA:0,(anonymous_143)
FNDA:0,(anonymous_144)
FNDA:0,(anonymous_145)
FNDA:0,(anonymous_146)
FNDA:0,(anonymous_147)
FNDA:0,(anonymous_148)
FNDA:0,(anonymous_149)
FNDA:0,(anonymous_150)
FNDA:0,(anonymous_151)
FNDA:0,(anonymous_152)
FNDA:0,(anonymous_153)
FNDA:0,(anonymous_154)
FNDA:0,(anonymous_155)
FNDA:0,(anonymous_156)
FNDA:0,(anonymous_157)
FNDA:0,(anonymous_158)
FNDA:0,(anonymous_159)
FNDA:0,(anonymous_160)
FNDA:0,(anonymous_161)
FNDA:0,(anonymous_162)
FNDA:0,(anonymous_163)
FNDA:0,(anonymous_164)
FNDA:0,(anonymous_165)
FNDA:0,(anonymous_166)
FNDA:0,(anonymous_167)
FNDA:0,(anonymous_168)
FNDA:0,(anonymous_169)
FNDA:0,(anonymous_170)
FNDA:0,(anonymous_171)
FNDA:0,(anonymous_172)
FNDA:0,(anonymous_173)
FNDA:0,(anonymous_174)
FNDA:0,(anonymous_175)
FNDA:0,(anonymous_176)
FNDA:0,(anonymous_177)
FNDA:0,(anonymous_178)
FNDA:0,(anonymous_179)
FNDA:0,(anonymous_180)
FNDA:0,(anonymous_181)
FNDA:0,(anonymous_182)
FNDA:0,(anonymous_183)
FNDA:0,(anonymous_184)
FNDA:0,(anonymous_185)
FNDA:0,(anonymous_186)
FNDA:0,(anonymous_187)
FNDA:0,(anonymous_188)
FNDA:0,(anonymous_189)
FNDA:0,(anonymous_190)
FNDA:0,(anonymous_191)
FNDA:0,(anonymous_192)
FNDA:0,(anonymous_193)
FNDA:0,(anonymous_194)
FNDA:0,(anonymous_195)
FNDA:0,(anonymous_196)
FNDA:0,(anonymous_197)
FNDA:0,(anonymous_198)
FNDA:0,(anonymous_199)
FNDA:0,(anonymous_200)
FNDA:0,(anonymous_201)
FNDA:0,(anonymous_202)
FNDA:0,(anonymous_203)
FNDA:0,(anonymous_204)
FNDA:0,(anonymous_205)
FNDA:0,(anonymous_206)
FNDA:0,(anonymous_207)
FNDA:0,(anonymous_208)
FNDA:0,(anonymous_209)
FNDA:0,(anonymous_210)
FNDA:0,(anonymous_211)
FNDA:0,(anonymous_212)
FNDA:0,(anonymous_213)
FNDA:0,(anonymous_214)
FNDA:0,(anonymous_215)
FNDA:0,(anonymous_216)
FNDA:0,(anonymous_217)
FNDA:0,(anonymous_218)
FNDA:0,(anonymous_219)
FNDA:0,(anonymous_220)
FNDA:0,(anonymous_221)
FNDA:0,(anonymous_222)
FNDA:0,(anonymous_223)
FNDA:0,(anonymous_224)
FNDA:0,(anonymous_225)
FNDA:0,(anonymous_226)
FNDA:0,(anonymous_227)
FNDA:0,(anonymous_228)
DA:37,1
DA:38,1
DA:41,1
DA:43,1
DA:51,1
DA:52,1
DA:53,1
DA:54,1
DA:55,1
DA:57,1
DA:58,1
DA:59,0
DA:66,1
DA:67,1
DA:68,0
DA:71,1
DA:72,0
DA:73,0
DA:74,0
DA:75,0
DA:76,0
DA:77,0
DA:78,0
DA:79,0
DA:80,0
DA:81,0
DA:84,1
DA:90,0
DA:97,1
DA:98,0
DA:100,1
DA:106,0
DA:113,1
DA:114,0
DA:116,1
DA:117,0
DA:119,1
DA:120,0
DA:122,1
DA:123,0
DA:125,1
DA:126,0
DA:128,1
DA:129,0
DA:131,1
DA:132,0
DA:136,1
DA:138,1
DA:140,1
DA:143,0
DA:145,1
DA:151,0
DA:152,0
DA:153,0
DA:154,0
DA:155,0
DA:157,0
DA:162,1
DA:163,0
DA:164,0
DA:166,0
DA:171,1
DA:176,0
DA:177,0
DA:178,0
DA:179,0
DA:182,1
DA:187,0
DA:193,1
DA:194,0
DA:195,0
DA:197,0
DA:202,1
DA:204,1
DA:208,1
DA:210,1
DA:211,0
DA:213,1
DA:215,1
DA:219,0
DA:221,1
DA:223,1
DA:224,0
DA:225,0
DA:226,0
DA:231,1
DA:232,0
DA:233,0
DA:234,0
DA:239,1
DA:240,0
DA:241,0
DA:242,0
DA:247,1
DA:248,0
DA:250,1
DA:251,0
DA:253,1
DA:254,0
DA:256,1
DA:257,0
DA:261,1
DA:262,0
DA:264,1
DA:265,0
DA:267,1
DA:268,0
DA:270,1
DA:271,0
DA:275,1
DA:277,1
DA:278,0
DA:280,1
DA:281,0
DA:283,1
DA:284,0
DA:285,0
DA:286,0
DA:287,0
DA:292,1
DA:293,0
DA:295,1
DA:296,0
DA:298,1
DA:299,1
DA:300,1
DA:301,1
DA:302,1
DA:303,1
DA:304,1
DA:305,1
DA:306,1
DA:307,1
DA:308,1
DA:309,1
DA:313,1
DA:314,0
DA:316,1
DA:317,0
DA:319,1
DA:320,0
DA:322,1
DA:323,0
DA:327,1
DA:328,0
DA:330,1
DA:331,0
DA:333,1
DA:334,0
DA:336,1
DA:337,0
DA:339,1
DA:340,0
DA:342,1
DA:344,1
DA:345,0
DA:347,1
DA:348,0
DA:350,1
DA:351,0
DA:353,1
DA:354,0
DA:356,1
DA:357,0
DA:359,1
DA:360,0
DA:362,1
DA:363,0
DA:365,1
DA:366,0
DA:372,1
DA:374,1
DA:376,1
DA:377,0
DA:379,1
DA:380,0
DA:382,1
DA:383,0
DA:387,1
DA:388,0
DA:390,1
DA:396,0
DA:398,1
DA:399,0
DA:401,1
DA:402,0
DA:404,1
DA:405,0
DA:407,1
DA:411,0
DA:413,1
DA:414,0
DA:416,1
DA:417,0
DA:421,1
DA:422,0
DA:424,1
DA:425,0
DA:427,1
DA:428,0
DA:430,1
DA:431,0
DA:433,1
DA:434,0
DA:436,1
DA:437,0
DA:439,1
DA:440,0
DA:442,1
DA:443,0
DA:445,1
DA:447,1
DA:448,0
DA:450,1
DA:451,0
DA:453,1
DA:454,0
DA:456,1
DA:457,0
DA:459,1
DA:466,0
DA:468,1
DA:469,0
DA:473,1
DA:475,1
DA:476,0
DA:478,1
DA:479,0
DA:481,1
DA:482,0
DA:484,1
DA:485,0
DA:487,1
DA:488,0
DA:490,1
DA:491,0
DA:493,1
DA:494,0
DA:496,1
DA:497,0
DA:499,1
DA:500,0
DA:502,1
DA:503,0
DA:505,1
DA:506,0
DA:508,1
DA:509,0
DA:511,1
DA:512,0
DA:514,1
DA:515,0
DA:517,1
DA:518,0
DA:520,1
DA:521,0
DA:523,1
DA:524,0
DA:526,1
DA:527,0
DA:529,1
DA:530,0
DA:532,1
DA:533,0
DA:537,1
DA:538,0
DA:540,1
DA:541,0
DA:543,1
DA:544,0
DA:546,1
DA:547,0
DA:549,1
DA:550,0
DA:552,1
DA:553,0
DA:555,1
DA:556,0
DA:558,1
DA:559,0
DA:561,1
DA:562,0
DA:564,1
DA:565,0
DA:567,1
DA:568,0
DA:572,1
DA:573,0
DA:576,1
DA:577,0
DA:580,1
DA:581,0
DA:586,1
DA:588,1
DA:589,0
DA:591,1
DA:598,0
DA:600,1
DA:601,0
DA:602,0
DA:603,0
DA:608,1
DA:610,1
DA:620,0
DA:622,1
DA:623,0
DA:624,0
DA:625,0
DA:626,0
DA:631,1
DA:633,1
DA:634,0
DA:636,1
DA:642,0
DA:644,1
DA:646,1
DA:653,0
DA:655,1
DA:659,0
DA:661,1
DA:662,0
DA:664,1
DA:665,0
DA:667,1
DA:668,0
DA:670,1
DA:672,1
DA:673,0
DA:675,1
DA:676,0
DA:678,1
DA:679,0
DA:681,1
DA:682,0
DA:684,1
DA:685,0
DA:687,1
DA:688,0
DA:690,1
DA:691,0
DA:693,1
DA:694,0
DA:696,1
DA:697,0
DA:699,1
DA:700,0
DA:702,1
DA:703,0
DA:705,1
DA:712,0
DA:714,1
DA:715,0
DA:717,1
DA:718,0
DA:720,1
DA:721,0
DA:723,1
DA:724,0
DA:726,1
DA:732,0
DA:734,1
DA:735,0
DA:739,1
DA:740,0
DA:744,1
DA:745,0
DA:747,1
DA:748,0
DA:767,1
DA:769,1
DA:770,0
DA:772,1
DA:773,0
DA:775,1
DA:776,0
DA:778,1
DA:779,0
DA:781,1
DA:782,0
DA:784,1
DA:785,0
DA:787,1
DA:788,0
DA:790,1
DA:791,0
DA:793,1
DA:794,0
DA:796,1
DA:797,0
DA:799,1
DA:801,1
DA:802,0
DA:804,1
DA:805,0
DA:807,1
DA:808,0
DA:810,1
DA:811,0
DA:812,0
DA:813,0
DA:814,0
DA:815,0
DA:829,1
DA:830,0
DA:832,1
DA:833,0
DA:835,1
DA:837,0
DA:839,1
DA:840,0
DA:843,1
DA:847,1
DA:849,1
DA:850,0
DA:851,0
DA:852,0
DA:854,0
DA:857,0
DA:861,1
DA:863,0
DA:868,0
DA:869,0
DA:871,0
DA:872,0
DA:873,0
DA:875,0
DA:877,0
DA:881,1
DA:882,0
DA:884,0
DA:885,0
DA:886,0
DA:889,0
DA:890,0
DA:892,0
DA:893,0
DA:895,0
DA:896,0
DA:899,0
DA:902,0
DA:903,0
DA:905,0
DA:906,0
DA:907,0
DA:908,0
DA:909,0
DA:913,0
DA:914,0
DA:915,0
DA:916,0
DA:920,0
DA:923,0
DA:928,0
DA:929,0
DA:932,0
DA:934,0
DA:935,0
DA:938,0
DA:939,0
DA:942,0
DA:946,0
DA:947,0
DA:949,0
DA:950,0
DA:951,0
DA:952,0
DA:956,0
DA:960,0
DA:961,0
DA:963,0
DA:964,0
DA:965,0
DA:967,0
DA:969,0
DA:974,0
DA:976,0
DA:977,0
DA:979,0
DA:982,0
DA:985,0
DA:986,0
DA:987,0
DA:988,0
DA:990,0
DA:992,0
DA:999,0
DA:1001,0
DA:1002,0
DA:1003,0
DA:1004,0
DA:1008,0
DA:1014,1
DA:1015,1
DA:1016,1
DA:1017,1
DA:1018,1
DA:1022,1
DA:1026,1
DA:1027,0
DA:1028,0
DA:1029,0
DA:1034,1
DA:1038,1
DA:1039,1
DA:1040,1
DA:1044,1
DA:1045,0
DA:1049,1
DA:1051,1
DA:1052,0
DA:1054,1
DA:1056,1
DA:1057,0
DA:1059,1
DA:1060,0
DA:1062,1
DA:1063,0
DA:1065,1
DA:1066,0
DA:1068,1
DA:1069,0
LF:521
LH:232
BRDA:73,0,0,0
BRDA:73,0,1,0
BRDA:116,1,0,0
BRDA:116,2,0,0
BRDA:177,3,0,0
BRDA:177,3,1,0
BRDA:178,4,0,0
BRDA:178,4,1,0
BRDA:277,5,0,0
BRDA:277,6,0,0
BRDA:286,7,0,0
BRDA:286,7,1,0
BRDA:306,8,0,0
BRDA:306,9,0,0
BRDA:313,10,0,0
BRDA:313,11,0,0
BRDA:322,12,0,0
BRDA:322,13,0,0
BRDA:365,14,0,0
BRDA:365,15,0,0
BRDA:377,16,0,0
BRDA:377,16,1,0
BRDA:379,17,0,0
BRDA:379,18,0,0
BRDA:380,19,0,0
BRDA:380,19,1,0
BRDA:380,20,0,0
BRDA:380,20,1,0
BRDA:380,21,0,0
BRDA:380,21,1,0
BRDA:487,22,0,0
BRDA:633,23,0,0
BRDA:633,24,0,0
BRDA:664,25,0,0
BRDA:664,26,0,0
BRDA:684,27,0,0
BRDA:684,28,0,0
BRDA:690,29,0,0
BRDA:690,30,0,0
BRDA:693,31,0,0
BRDA:693,32,0,0
BRDA:696,33,0,0
BRDA:696,34,0,0
BRDA:702,35,0,0
BRDA:702,36,0,0
BRDA:720,37,0,0
BRDA:720,38,0,0
BRDA:723,39,0,0
BRDA:723,40,0,0
BRDA:747,41,0,0
BRDA:747,42,0,0
BRDA:778,43,0,0
BRDA:778,44,0,0
BRDA:849,45,0,0
BRDA:851,46,0,0
BRDA:851,46,1,0
BRDA:868,47,0,0
BRDA:868,47,1,0
BRDA:869,48,0,0
BRDA:869,48,1,0
BRDA:873,49,0,0
BRDA:873,49,1,0
BRDA:885,50,0,0
BRDA:885,50,1,0
BRDA:889,51,0,0
BRDA:889,51,1,0
BRDA:892,52,0,0
BRDA:892,52,1,0
BRDA:895,53,0,0
BRDA:895,53,1,0
BRDA:902,54,0,0
BRDA:902,54,1,0
BRDA:907,55,0,0
BRDA:907,55,1,0
BRDA:913,56,0,0
BRDA:913,56,1,0
BRDA:920,57,0,0
BRDA:920,57,1,0
BRDA:920,58,0,0
BRDA:920,58,1,0
BRDA:923,59,0,0
BRDA:923,59,1,0
BRDA:923,59,2,0
BRDA:923,59,3,0
BRDA:928,60,0,0
BRDA:928,60,1,0
BRDA:932,61,0,0
BRDA:932,61,1,0
BRDA:951,62,0,0
BRDA:951,62,1,0
BRDA:960,63,0,0
BRDA:960,63,1,0
BRDA:961,64,0,0
BRDA:961,64,1,0
BRDA:963,65,0,0
BRDA:963,65,1,0
BRDA:963,66,0,0
BRDA:963,66,1,0
BRDA:987,67,0,0
BRDA:987,67,1,0
BRDA:999,68,0,0
BRDA:999,68,1,0
BRDA:1001,69,0,0
BRDA:1001,69,1,0
BRDA:1028,70,0,0
BRDA:1028,70,1,0
BRDA:1028,71,0,0
BRDA:1028,71,1,0
BRF:108
BRH:0
end_of_record
TN:
SF:src/store/chatStore.ts
FN:161,parseDateTime
FN:170,statusFromServer
FN:183,ciphertextEnvelope
FN:199,lowerBoundByTimestamp
FN:211,mergeMessage
FN:217,(anonymous_5)
FN:232,(anonymous_6)
FN:264,makeClientId
FN:271,(anonymous_8)
FN:283,(anonymous_9)
FN:284,(anonymous_10)
FN:291,(anonymous_11)
FN:296,(anonymous_12)
FN:297,(anonymous_13)
FN:298,(anonymous_14)
FN:313,(anonymous_15)
FN:337,(anonymous_16)
FN:339,(anonymous_17)
FN:356,(anonymous_18)
FN:363,(anonymous_19)
FN:370,(anonymous_20)
FN:384,(anonymous_21)
FN:387,(anonymous_22)
FN:394,(anonymous_23)
FN:436,(anonymous_24)
FN:454,(anonymous_25)
FN:462,(anonymous_26)
FN:466,(anonymous_27)
FN:491,(anonymous_28)
FN:589,(anonymous_29)
FN:590,(anonymous_30)
FN:593,(anonymous_31)
FN:597,(anonymous_32)
FN:598,(anonymous_33)
FN:600,(anonymous_34)
FN:605,(anonymous_35)
FN:625,(anonymous_36)
FN:628,(anonymous_37)
FN:630,(anonymous_38)
FN:649,(anonymous_39)
FN:651,(anonymous_40)
FN:661,(anonymous_41)
FN:684,(anonymous_42)
FN:756,(anonymous_43)
FN:757,(anonymous_44)
FN:758,(anonymous_45)
FN:760,(anonymous_46)
FN:765,(anonymous_47)
FN:781,(anonymous_48)
FN:783,(anonymous_49)
FN:795,(anonymous_50)
FN:797,(anonymous_51)
FN:805,(anonymous_52)
FN:817,(anonymous_53)
FN:821,(anonymous_54)
FN:825,(anonymous_55)
FN:826,(anonymous_56)
FN:836,(anonymous_57)
FN:839,(anonymous_58)
FN:844,(anonymous_59)
FN:857,(anonymous_60)
FN:860,(anonymous_61)
FN:875,(anonymous_62)
FN:878,(anonymous_63)
FN:888,(anonymous_64)
FN:891,(anonymous_65)
FN:901,(anonymous_66)
FN:912,(anonymous_67)
FN:927,(anonymous_68)
FN:935,(anonymous_69)
FN:947,(anonymous_70)
FN:948,(anonymous_71)
FN:949,(anonymous_72)
FN:955,(anonymous_73)
FN:960,(anonymous_74)
FN:973,(anonymous_75)
FN:976,(anonymous_76)
FN:977,(anonymous_77)
FN:990,(anonymous_78)
FN:995,(anonymous_79)
FN:1005,(anonymous_80)
FN:1010,(anonymous_81)
FN:1021,(anonymous_82)
FN:1040,bumpChat
FN:1065,decryptServerMessage
FN:1122,(anonymous_85)
FN:1153,(anonymous_86)
FNF:87
FNH:14
FNDA:10,parseDateTime
FNDA:0,statusFromServer
FNDA:0,ciphertextEnvelope
FNDA:10,lowerBoundByTimestamp
FNDA:15,mergeMessage
FNDA:10,(anonymous_5)
FNDA:1,(anonymous_6)
FNDA:6,makeClientId
FNDA:2,(anonymous_8)
FNDA:0,(anonymous_9)
FNDA:0,(anonymous_10)
FNDA:0,(anonymous_11)
FNDA:0,(anonymous_12)
FNDA:0,(anonymous_13)
FNDA:0,(anonymous_14)
FNDA:0,(anonymous_15)
FNDA:0,(anonymous_16)
FNDA:0,(anonymous_17)
FNDA:0,(anonymous_18)
FNDA:0,(anonymous_19)
FNDA:0,(anonymous_20)
FNDA:0,(anonymous_21)
FNDA:0,(anonymous_22)
FNDA:6,(anonymous_23)
FNDA:0,(anonymous_24)
FNDA:0,(anonymous_25)
FNDA:0,(anonymous_26)
FNDA:0,(anonymous_27)
FNDA:0,(anonymous_28)
FNDA:0,(anonymous_29)
FNDA:0,(anonymous_30)
FNDA:0,(anonymous_31)
FNDA:0,(anonymous_32)
FNDA:0,(anonymous_33)
FNDA:0,(anonymous_34)
FNDA:0,(anonymous_35)
FNDA:0,(anonymous_36)
FNDA:0,(anonymous_37)
FNDA:0,(anonymous_38)
FNDA:0,(anonymous_39)
FNDA:0,(anonymous_40)
FNDA:7,(anonymous_41)
FNDA:6,(anonymous_42)
FNDA:0,(anonymous_43)
FNDA:0,(anonymous_44)
FNDA:0,(anonymous_45)
FNDA:0,(anonymous_46)
FNDA:0,(anonymous_47)
FNDA:5,(anonymous_48)
FNDA:5,(anonymous_49)
FNDA:1,(anonymous_50)
FNDA:1,(anonymous_51)
FNDA:0,(anonymous_52)
FNDA:0,(anonymous_53)
FNDA:0,(anonymous_54)
FNDA:0,(anonymous_55)
FNDA:0,(anonymous_56)
FNDA:0,(anonymous_57)
FNDA:0,(anonymous_58)
FNDA:0,(anonymous_59)
FNDA:0,(anonymous_60)
FNDA:0,(anonymous_61)
FNDA:0,(anonymous_62)
FNDA:0,(anonymous_63)
FNDA:0,(anonymous_64)
FNDA:0,(anonymous_65)
FNDA:0,(anonymous_66)
FNDA:0,(anonymous_67)
FNDA:0,(anonymous_68)
FNDA:0,(anonymous_69)
FNDA:0,(anonymous_70)
FNDA:0,(anonymous_71)
FNDA:0,(anonymous_72)
FNDA:0,(anonymous_73)
FNDA:0,(anonymous_74)
FNDA:0,(anonymous_75)
FNDA:0,(anonymous_76)
FNDA:0,(anonymous_77)
FNDA:0,(anonymous_78)
FNDA:0,(anonymous_79)
FNDA:0,(anonymous_80)
FNDA:0,(anonymous_81)
FNDA:0,(anonymous_82)
FNDA:0,bumpChat
FNDA:0,decryptServerMessage
FNDA:0,(anonymous_85)
FNDA:0,(anonymous_86)
DA:162,10
DA:165,5
DA:166,5
DA:167,5
DA:171,0
DA:173,0
DA:175,0
DA:177,0
DA:179,0
DA:184,0
DA:185,0
DA:193,2
DA:200,10
DA:201,10
DA:202,10
DA:203,3
DA:204,3
DA:205,1
DA:207,10
DA:216,15
DA:218,10
DA:225,15
DA:231,1
DA:233,1
DA:240,15
DA:245,10
DA:246,10
DA:247,10
DA:248,10
DA:250,5
DA:255,5
DA:256,5
DA:259,5
DA:260,5
DA:261,5
DA:266,6
DA:271,2
DA:283,0
DA:285,0
DA:292,0
DA:293,0
DA:294,0
DA:301,0
DA:314,0
DA:315,0
DA:316,0
DA:317,0
DA:318,0
DA:319,0
DA:331,0
DA:332,0
DA:334,0
DA:339,0
DA:340,0
DA:342,0
DA:343,0
DA:344,0
DA:356,0
DA:360,0
DA:364,0
DA:365,0
DA:368,0
DA:369,0
DA:370,0
DA:374,0
DA:375,0
DA:376,0
DA:377,0
DA:378,0
DA:379,0
DA:380,0
DA:381,0
DA:383,0
DA:384,0
DA:387,0
DA:388,0
DA:390,0
DA:395,6
DA:396,6
DA:398,0
DA:399,0
DA:400,0
DA:401,0
DA:402,0
DA:404,0
DA:407,0
DA:408,0
DA:409,0
DA:410,0
DA:415,0
DA:422,0
DA:423,0
DA:424,0
DA:425,0
DA:426,0
DA:427,0
DA:428,0
DA:436,0
DA:439,0
DA:443,0
DA:454,0
DA:455,0
DA:457,0
DA:458,0
DA:463,0
DA:467,0
DA:468,0
DA:469,0
DA:470,0
DA:472,0
DA:473,0
DA:474,0
DA:475,0
DA:479,0
DA:480,0
DA:491,0
DA:492,0
DA:493,0
DA:498,0
DA:499,0
DA:500,0
DA:501,0
DA:502,0
DA:503,0
DA:504,0
DA:509,0
DA:516,0
DA:517,0
DA:525,0
DA:535,0
DA:536,0
DA:537,0
DA:541,0
DA:547,0
DA:549,0
DA:556,0
DA:559,0
DA:560,0
DA:563,0
DA:583,0
DA:584,0
DA:585,0
DA:589,0
DA:590,0
DA:592,0
DA:593,0
DA:597,0
DA:598,0
DA:599,0
DA:600,0
DA:601,0
DA:602,0
DA:606,0
DA:612,0
DA:616,0
DA:617,0
DA:618,0
DA:619,0
DA:620,0
DA:623,0
DA:624,0
DA:625,0
DA:628,0
DA:629,0
DA:630,0
DA:631,0
DA:641,0
DA:645,0
DA:646,0
DA:648,0
DA:649,0
DA:650,0
DA:651,0
DA:652,0
DA:654,0
DA:662,7
DA:663,7
DA:665,7
DA:666,7
DA:667,1
DA:668,1
DA:671,6
DA:672,6
DA:684,6
DA:685,6
DA:686,6
DA:691,6
DA:692,6
DA:693,6
DA:694,6
DA:695,6
DA:696,6
DA:698,6
DA:700,6
DA:704,6
DA:705,6
DA:711,6
DA:718,6
DA:719,6
DA:720,6
DA:721,6
DA:722,6
DA:724,0
DA:731,0
DA:732,0
DA:733,0
DA:736,6
DA:749,6
DA:750,6
DA:751,0
DA:755,0
DA:756,0
DA:757,0
DA:758,0
DA:759,0
DA:760,0
DA:761,0
DA:762,0
DA:766,0
DA:772,0
DA:775,6
DA:776,5
DA:777,5
DA:778,5
DA:779,5
DA:781,5
DA:782,5
DA:783,5
DA:784,5
DA:788,5
DA:791,5
DA:792,5
DA:794,1
DA:795,1
DA:796,1
DA:797,1
DA:798,1
DA:800,1
DA:808,0
DA:809,0
DA:810,0
DA:814,0
DA:817,0
DA:818,0
DA:822,0
DA:823,0
DA:825,0
DA:826,0
DA:827,0
DA:828,0
DA:829,0
DA:832,0
DA:837,0
DA:838,0
DA:839,0
DA:840,0
DA:841,0
DA:845,0
DA:850,0
DA:851,0
DA:853,0
DA:858,0
DA:859,0
DA:860,0
DA:861,0
DA:862,0
DA:863,0
DA:871,0
DA:876,0
DA:877,0
DA:878,0
DA:879,0
DA:880,0
DA:881,0
DA:884,0
DA:889,0
DA:890,0
DA:891,0
DA:892,0
DA:893,0
DA:894,0
DA:897,0
DA:902,0
DA:903,0
DA:904,0
DA:905,0
DA:906,0
DA:913,0
DA:914,0
DA:915,0
DA:916,0
DA:917,0
DA:919,0
DA:922,0
DA:927,0
DA:928,0
DA:934,0
DA:935,0
DA:936,0
DA:937,0
DA:946,0
DA:947,0
DA:948,0
DA:949,0
DA:950,0
DA:953,0
DA:954,0
DA:955,0
DA:956,0
DA:957,0
DA:961,0
DA:966,0
DA:969,0
DA:970,0
DA:971,0
DA:972,0
DA:973,0
DA:975,0
DA:976,0
DA:977,0
DA:978,0
DA:979,0
DA:983,0
DA:986,0
DA:987,0
DA:988,0
DA:990,0
DA:991,0
DA:992,0
DA:995,0
DA:999,0
DA:1002,0
DA:1003,0
DA:1004,0
DA:1005,0
DA:1006,0
DA:1007,0
DA:1011,0
DA:1016,0
DA:1019,0
DA:1020,0
DA:1021,0
DA:1022,0
DA:1023,0
DA:1024,0
DA:1031,0
DA:1035,0
DA:1045,0
DA:1046,0
DA:1047,0
DA:1071,0
DA:1072,0
DA:1073,0
DA:1074,0
DA:1075,0
DA:1076,0
DA:1078,0
DA:1079,0
DA:1080,0
DA:1081,0
DA:1082,0
DA:1084,0
DA:1085,0
DA:1086,0
DA:1087,0
DA:1091,0
DA:1092,0
DA:1094,0
DA:1095,0
DA:1104,0
DA:1105,0
DA:1112,0
DA:1113,0
DA:1114,0
DA:1115,0
DA:1116,0
DA:1117,0
DA:1118,0
DA:1122,0
DA:1123,0
DA:1131,0
DA:1132,0
DA:1133,0
DA:1134,0
DA:1135,0
DA:1136,0
DA:1138,0
DA:1140,0
DA:1143,0
DA:1146,0
DA:1147,0
DA:1148,0
DA:1152,0
DA:1153,0
DA:1159,0
DA:1160,0
DA:1161,0
DA:1166,0
DA:1167,0
DA:1174,0
DA:1175,0
DA:1178,0
DA:1179,0
DA:1180,0
DA:1181,0
DA:1183,0
DA:1192,0
DA:1193,0
DA:1204,0
DA:1205,0
DA:1207,0
DA:1216,0
DA:1217,0
DA:1219,0
LF:414
LH:80
BRDA:162,0,0,5
BRDA:162,0,1,5
BRDA:165,1,0,5
BRDA:165,1,1,0
BRDA:167,2,0,0
BRDA:167,2,1,5
BRDA:171,3,0,0
BRDA:171,3,1,0
BRDA:171,3,2,0
BRDA:171,3,3,0
BRDA:184,4,0,0
BRDA:184,4,1,0
BRDA:184,5,0,0
BRDA:184,5,1,0
BRDA:204,6,0,2
BRDA:204,6,1,1
BRDA:218,7,0,10
BRDA:218,7,1,7
BRDA:218,7,2,7
BRDA:218,7,3,7
BRDA:225,8,0,1
BRDA:225,8,1,14
BRDA:226,9,0,15
BRDA:226,9,1,11
BRDA:226,9,2,2
BRDA:226,9,3,1
BRDA:233,10,0,1
BRDA:233,10,1,1
BRDA:233,10,2,1
BRDA:233,10,3,1
BRDA:233,10,4,1
BRDA:240,11,0,10
BRDA:240,11,1,5
BRDA:255,12,0,5
BRDA:255,12,1,3
BRDA:255,12,2,3
BRDA:256,13,0,3
BRDA:256,13,1,2
BRDA:293,14,0,0
BRDA:293,14,1,0
BRDA:315,15,0,0
BRDA:315,15,1,0
BRDA:322,16,0,0
BRDA:322,16,1,0
BRDA:323,17,0,0
BRDA:323,17,1,0
BRDA:324,18,0,0
BRDA:324,18,1,0
BRDA:325,19,0,0
BRDA:325,19,1,0
BRDA:326,20,0,0
BRDA:326,20,1,0
BRDA:327,21,0,0
BRDA:327,21,1,0
BRDA:340,22,0,0
BRDA:340,22,1,0
BRDA:343,23,0,0
BRDA:343,23,1,0
BRDA:347,24,0,0
BRDA:347,24,1,0
BRDA:348,25,0,0
BRDA:348,25,1,0
BRDA:349,26,0,0
BRDA:349,26,1,0
BRDA:350,27,0,0
BRDA:350,27,1,0
BRDA:351,28,0,0
BRDA:351,28,1,0
BRDA:352,29,0,0
BRDA:352,29,1,0
BRDA:358,30,0,0
BRDA:358,30,1,0
BRDA:365,31,0,0
BRDA:365,31,1,0
BRDA:365,32,0,0
BRDA:365,32,1,0
BRDA:369,33,0,0
BRDA:369,33,1,0
BRDA:377,34,0,0
BRDA:377,34,1,0
BRDA:381,35,0,0
BRDA:381,35,1,0
BRDA:396,36,0,6
BRDA:396,36,1,0
BRDA:402,37,0,0
BRDA:402,37,1,0
BRDA:407,38,0,0
BRDA:407,38,1,0
BRDA:409,39,0,0
BRDA:409,39,1,0
BRDA:410,40,0,0
BRDA:410,40,1,0
BRDA:415,41,0,0
BRDA:415,41,1,0
BRDA:415,42,0,0
BRDA:415,42,1,0
BRDA:423,43,0,0
BRDA:423,43,1,0
BRDA:427,44,0,0
BRDA:427,44,1,0
BRDA:449,45,0,0
BRDA:449,45,1,0
BRDA:450,46,0,0
BRDA:450,46,1,0
BRDA:463,47,0,0
BRDA:463,47,1,0
BRDA:468,48,0,0
BRDA:468,48,1,0
BRDA:470,49,0,0
BRDA:470,49,1,0
BRDA:473,50,0,0
BRDA:473,50,1,0
BRDA:492,51,0,0
BRDA:492,51,1,0
BRDA:500,52,0,0
BRDA:500,52,1,0
BRDA:503,53,0,0
BRDA:503,53,1,0
BRDA:503,54,0,0
BRDA:503,54,1,0
BRDA:516,55,0,0
BRDA:516,55,1,0
BRDA:520,56,0,0
BRDA:520,56,1,0
BRDA:521,57,0,0
BRDA:521,57,1,0
BRDA:537,58,0,0
BRDA:537,58,1,0
BRDA:572,59,0,0
BRDA:572,59,1,0
BRDA:575,60,0,0
BRDA:575,60,1,0
BRDA:584,61,0,0
BRDA:584,61,1,0
BRDA:590,62,0,0
BRDA:590,62,1,0
BRDA:593,63,0,0
BRDA:593,63,1,0
BRDA:593,64,0,0
BRDA:593,64,1,0
BRDA:599,65,0,0
BRDA:599,65,1,0
BRDA:601,66,0,0
BRDA:601,66,1,0
BRDA:601,67,0,0
BRDA:601,67,1,0
BRDA:606,68,0,0
BRDA:606,68,1,0
BRDA:619,69,0,0
BRDA:619,69,1,0
BRDA:624,70,0,0
BRDA:624,70,1,0
BRDA:629,71,0,0
BRDA:629,71,1,0
BRDA:631,72,0,0
BRDA:631,72,1,0
BRDA:637,73,0,0
BRDA:637,73,1,0
BRDA:646,74,0,0
BRDA:646,74,1,0
BRDA:646,75,0,0
BRDA:646,75,1,0
BRDA:650,76,0,0
BRDA:650,76,1,0
BRDA:652,77,0,0
BRDA:652,77,1,0
BRDA:661,78,0,4
BRDA:663,79,0,0
BRDA:663,79,1,7
BRDA:666,80,0,1
BRDA:666,80,1,6
BRDA:685,81,0,6
BRDA:685,81,1,0
BRDA:693,82,0,0
BRDA:693,82,1,6
BRDA:696,83,0,0
BRDA:696,83,1,6
BRDA:696,84,0,6
BRDA:696,84,1,6
BRDA:698,85,0,6
BRDA:698,85,1,5
BRDA:704,86,0,6
BRDA:704,86,1,0
BRDA:708,87,0,0
BRDA:708,87,1,6
BRDA:709,88,0,0
BRDA:709,88,1,6
BRDA:720,89,0,6
BRDA:720,89,1,6
BRDA:743,90,0,6
BRDA:743,90,1,0
BRDA:746,91,0,0
BRDA:746,91,1,6
BRDA:750,92,0,0
BRDA:750,92,1,6
BRDA:756,93,0,0
BRDA:756,93,1,0
BRDA:756,94,0,0
BRDA:756,94,1,0
BRDA:759,95,0,0
BRDA:759,95,1,0
BRDA:761,96,0,0
BRDA:761,96,1,0
BRDA:761,97,0,0
BRDA:761,97,1,0
BRDA:766,98,0,0
BRDA:766,98,1,0
BRDA:778,99,0,5
BRDA:778,99,1,0
BRDA:782,100,0,5
BRDA:782,100,1,0
BRDA:784,101,0,5
BRDA:784,101,1,0
BRDA:785,102,0,5
BRDA:785,102,1,5
BRDA:792,103,0,5
BRDA:792,103,1,0
BRDA:792,104,0,5
BRDA:792,104,1,0
BRDA:796,105,0,1
BRDA:796,105,1,0
BRDA:798,106,0,1
BRDA:798,106,1,0
BRDA:809,107,0,0
BRDA:809,107,1,0
BRDA:828,108,0,0
BRDA:828,108,1,0
BRDA:840,109,0,0
BRDA:840,109,1,0
BRDA:845,110,0,0
BRDA:845,110,1,0
BRDA:851,111,0,0
BRDA:851,111,1,0
BRDA:851,112,0,0
BRDA:851,112,1,0
BRDA:862,113,0,0
BRDA:862,113,1,0
BRDA:866,114,0,0
BRDA:866,114,1,0
BRDA:880,115,0,0
BRDA:880,115,1,0
BRDA:893,116,0,0
BRDA:893,116,1,0
BRDA:905,117,0,0
BRDA:905,117,1,0
BRDA:905,118,0,0
BRDA:905,118,1,0
BRDA:905,118,2,0
BRDA:914,119,0,0
BRDA:914,119,1,0
BRDA:914,120,0,0
BRDA:914,120,1,0
BRDA:917,121,0,0
BRDA:917,121,1,0
BRDA:917,122,0,0
BRDA:917,122,1,0
BRDA:919,123,0,0
BRDA:919,123,1,0
BRDA:919,123,2,0
BRDA:919,123,3,0
BRDA:919,123,4,0
BRDA:919,123,5,0
BRDA:919,123,6,0
BRDA:919,123,7,0
BRDA:934,124,0,0
BRDA:934,124,1,0
BRDA:936,125,0,0
BRDA:936,125,1,0
BRDA:947,126,0,0
BRDA:947,126,1,0
BRDA:947,127,0,0
BRDA:947,127,1,0
BRDA:948,128,0,0
BRDA:948,128,1,0
BRDA:956,129,0,0
BRDA:956,129,1,0
BRDA:961,130,0,0
BRDA:961,130,1,0
BRDA:972,131,0,0
BRDA:972,131,1,0
BRDA:975,132,0,0
BRDA:975,132,1,0
BRDA:978,133,0,0
BRDA:978,133,1,0
BRDA:988,134,0,0
BRDA:988,134,1,0
BRDA:991,135,0,0
BRDA:991,135,1,0
BRDA:995,136,0,0
BRDA:995,136,1,0
BRDA:1004,137,0,0
BRDA:1004,137,1,0
BRDA:1006,138,0,0
BRDA:1006,138,1,0
BRDA:1011,139,0,0
BRDA:1011,139,1,0
BRDA:1011,140,0,0
BRDA:1011,140,1,0
BRDA:1023,141,0,0
BRDA:1023,141,1,0
BRDA:1027,142,0,0
BRDA:1027,142,1,0
BRDA:1046,143,0,0
BRDA:1046,143,1,0
BRDA:1052,144,0,0
BRDA:1052,144,1,0
BRDA:1071,145,0,0
BRDA:1071,145,1,0
BRDA:1072,146,0,0
BRDA:1072,146,1,0
BRDA:1073,147,0,0
BRDA:1073,147,1,0
BRDA:1080,148,0,0
BRDA:1080,148,1,0
BRDA:1082,149,0,0
BRDA:1082,149,1,0
BRDA:1085,150,0,0
BRDA:1085,150,1,0
BRDA:1085,151,0,0
BRDA:1085,151,1,0
BRDA:1087,152,0,0
BRDA:1087,152,1,0
BRDA:1098,153,0,0
BRDA:1098,153,1,0
BRDA:1101,154,0,0
BRDA:1101,154,1,0
BRDA:1105,155,0,0
BRDA:1105,155,1,0
BRDA:1115,156,0,0
BRDA:1115,156,1,0
BRDA:1117,157,0,0
BRDA:1117,157,1,0
BRDA:1131,158,0,0
BRDA:1131,158,1,0
BRDA:1143,159,0,0
BRDA:1143,159,1,0
BRDA:1146,160,0,0
BRDA:1146,160,1,0
BRDA:1148,161,0,0
BRDA:1148,161,1,0
BRDA:1152,162,0,0
BRDA:1152,162,1,0
BRDA:1152,163,0,0
BRDA:1152,163,1,0
BRDA:1160,164,0,0
BRDA:1160,164,1,0
BRDA:1166,165,0,0
BRDA:1166,165,1,0
BRDA:1174,166,0,0
BRDA:1174,166,1,0
BRDA:1178,167,0,0
BRDA:1178,167,1,0
BRDA:1192,168,0,0
BRDA:1192,168,1,0
BRDA:1204,169,0,0
BRDA:1204,169,1,0
BRDA:1216,170,0,0
BRDA:1216,170,1,0
BRDA:1217,171,0,0
BRDA:1217,171,1,0
BRDA:1217,172,0,0
BRDA:1217,172,1,0
BRDA:1225,173,0,0
BRDA:1225,173,1,0
BRDA:1233,174,0,0
BRDA:1233,174,1,0
BRF:366
BRH:57
end_of_record
TN:
SF:src/store/encryptedMessageStore.ts
FN:28,(anonymous_0)
FN:29,(anonymous_1)
FN:34,getOrCreateMasterKey
FN:42,encryptBlob
FN:53,decryptBlob
FN:68,isExpired
FN:76,loadCachedThread
FN:87,(anonymous_7)
FN:96,saveCachedThread
FN:104,(anonymous_9)
FN:111,clearCachedThread
FN:120,wipeAllChatCaches
FN:122,(anonymous_12)
FNF:13
FNH:12
FNDA:18,(anonymous_0)
FNDA:13,(anonymous_1)
FNDA:11,getOrCreateMasterKey
FNDA:6,encryptBlob
FNDA:5,decryptBlob
FNDA:16,isExpired
FNDA:7,loadCachedThread
FNDA:7,(anonymous_7)
FNDA:6,saveCachedThread
FNDA:9,(anonymous_9)
FNDA:0,clearCachedThread
FNDA:1,wipeAllChatCaches
FNDA:1,(anonymous_12)
DA:28,18
DA:29,13
DA:30,2
DA:35,11
DA:36,11
DA:37,6
DA:38,6
DA:39,6
DA:43,6
DA:44,6
DA:45,6
DA:46,6
DA:47,6
DA:48,6
DA:49,6
DA:50,6
DA:54,5
DA:55,5
DA:56,5
DA:57,5
DA:58,5
DA:59,5
DA:60,5
DA:61,5
DA:62,5
DA:64,0
DA:69,16
DA:80,7
DA:81,7
DA:82,5
DA:83,5
DA:84,5
DA:85,5
DA:86,5
DA:87,7
DA:89,0
DA:101,6
DA:102,6
DA:103,6
DA:104,9
DA:106,6
DA:107,6
DA:112,0
DA:121,1
DA:122,1
DA:123,1
DA:124,1
LF:47
LH:44
BRDA:36,0,0,5
BRDA:36,0,1,6
BRDA:57,1,0,0
BRDA:57,1,1,5
BRDA:69,2,0,16
BRDA:69,2,1,3
BRDA:69,2,2,3
BRDA:81,3,0,2
BRDA:81,3,1,5
BRDA:83,4,0,0
BRDA:83,4,1,5
BRDA:104,5,0,9
BRDA:104,5,1,9
BRDA:123,6,0,1
BRDA:123,6,1,0
BRF:15
BRH:12
end_of_record
TN:
SF:src/store/peerIdentityCache.ts
FN:16,(anonymous_0)
FN:18,(anonymous_1)
FN:34,recordPeerIdentity
FN:67,wipePeerIdentityCache
FN:70,(anonymous_4)
FNF:5
FNH:0
FNDA:0,(anonymous_0)
FNDA:0,(anonymous_1)
FNDA:0,recordPeerIdentity
FNDA:0,wipePeerIdentityCache
FNDA:0,(anonymous_4)
DA:16,1
DA:17,0
DA:18,1
DA:19,0
DA:39,0
DA:40,0
DA:41,0
DA:42,0
DA:46,0
DA:48,0
DA:49,0
DA:50,0
DA:53,0
DA:56,0
DA:59,0
DA:63,0
DA:68,0
DA:69,0
DA:71,0
DA:74,0
LF:20
LH:2
BRDA:41,0,0,0
BRDA:41,0,1,0
BRDA:49,1,0,0
BRDA:49,1,1,0
BRDA:51,2,0,0
BRDA:51,2,1,0
BRDA:57,3,0,0
BRDA:57,3,1,0
BRDA:71,4,0,0
BRDA:71,4,1,0
BRDA:74,5,0,0
BRDA:74,5,1,0
BRF:12
BRH:0
end_of_record
TN:
SF:src/store/sessionCache.ts
FN:16,(anonymous_0)
FN:19,hasSessionWithPeer
FN:27,markSessionEstablished
FN:35,wipeSessionFlags
FN:37,(anonymous_4)
FNF:5
FNH:0
FNDA:0,(anonymous_0)
FNDA:0,hasSessionWithPeer
FNDA:0,markSessionEstablished
FNDA:0,wipeSessionFlags
FNDA:0,(anonymous_4)
DA:16,1
DA:17,0
DA:23,0
DA:24,0
DA:31,0
DA:36,0
DA:37,0
DA:38,0
DA:40,0
LF:9
LH:1
BRDA:40,0,0,0
BRDA:40,0,1,0
BRF:2
BRH:0
end_of_record
TN:
SF:src/store/sessionRootCache.ts
FN:21,(anonymous_0)
FN:34,loadSessionRoot
FN:58,saveSessionRoot
FN:75,deleteSessionRoot
FN:86,(anonymous_4)
FN:88,readIndex
FN:93,(anonymous_6)
FN:99,writeIndex
FN:108,indexSessionRoot
FN:119,wipeAllSessionRoots
FN:121,(anonymous_10)
FNF:11
FNH:0
FNDA:0,(anonymous_0)
FNDA:0,loadSessionRoot
FNDA:0,saveSessionRoot
FNDA:0,deleteSessionRoot
FNDA:0,(anonymous_4)
FNDA:0,readIndex
FNDA:0,(anonymous_6)
FNDA:0,writeIndex
FNDA:0,indexSessionRoot
FNDA:0,wipeAllSessionRoots
FNDA:0,(anonymous_10)
DA:21,1
DA:22,0
DA:23,1
DA:39,0
DA:40,0
DA:42,0
DA:43,0
DA:45,0
DA:50,0
DA:51,0
DA:52,0
DA:53,0
DA:55,0
DA:64,0
DA:68,0
DA:79,0
DA:86,1
DA:89,0
DA:90,0
DA:91,0
DA:92,0
DA:93,0
DA:95,0
DA:100,0
DA:112,0
DA:113,0
DA:114,0
DA:115,0
DA:120,0
DA:121,0
DA:122,0
LF:31
LH:3
BRDA:40,0,0,0
BRDA:40,0,1,0
BRDA:51,1,0,0
BRDA:51,1,1,0
BRDA:53,2,0,0
BRDA:53,2,1,0
BRDA:90,3,0,0
BRDA:90,3,1,0
BRDA:93,4,0,0
BRDA:93,4,1,0
BRDA:113,5,0,0
BRDA:113,5,1,0
BRF:12
BRH:0
end_of_record
TN:
SF:src/utils/categories.ts
FN:22,(anonymous_0)
FNF:1
FNH:1
FNDA:9,(anonymous_0)
DA:10,1
DA:22,1
DA:23,9
DA:24,9
LF:4
LH:4
BRF:0
BRH:0
end_of_record
TN:
SF:src/utils/recoveryTotp.ts
FN:8,base32Decode
FN:28,sha1
FN:61,(anonymous_2)
FN:71,hmacSha1
FN:87,generateRecoveryCode
FN:105,secondsUntilRefresh
FNF:6
FNH:6
FNDA:16,base32Decode
FNDA:32,sha1
FNDA:160,(anonymous_2)
FNDA:16,hmacSha1
FNDA:16,generateRecoveryCode
FNDA:33,secondsUntilRefresh
DA:9,16
DA:10,16
DA:11,16
DA:12,16
DA:13,16
DA:14,16
DA:15,256
DA:16,256
DA:17,256
DA:18,256
DA:19,256
DA:20,160
DA:21,160
DA:24,16
DA:29,32
DA:30,32
DA:31,32
DA:32,32
DA:33,1312
DA:34,32
DA:35,256
DA:37,32
DA:38,64
DA:39,64
DA:40,1024
DA:43,64
DA:44,4096
DA:45,4096
DA:47,64
DA:48,64
DA:50,5120
DA:51,3840
DA:52,2560
DA:53,1280
DA:54,5120
DA:55,5120
DA:57,64
DA:58,64
DA:60,32
DA:61,32
DA:62,160
DA:63,160
DA:64,160
DA:65,160
DA:67,32
DA:72,16
DA:73,16
DA:74,16
DA:75,16
DA:76,16
DA:77,1024
DA:78,1024
DA:80,16
DA:81,16
DA:82,16
DA:83,16
DA:88,16
DA:89,16
DA:90,16
DA:91,16
DA:92,16
DA:93,128
DA:94,128
DA:96,16
DA:97,16
DA:98,16
DA:102,16
DA:106,33
LF:68
LH:68
BRDA:16,0,0,0
BRDA:16,0,1,256
BRDA:19,1,0,160
BRDA:19,1,1,96
BRDA:40,2,0,1024
BRDA:40,2,1,0
BRDA:40,3,0,1024
BRDA:40,3,1,0
BRDA:41,4,0,1024
BRDA:41,4,1,0
BRDA:41,5,0,1024
BRDA:41,5,1,0
BRDA:44,6,0,4096
BRDA:44,6,1,0
BRDA:44,7,0,4096
BRDA:44,7,1,0
BRDA:44,8,0,4096
BRDA:44,8,1,0
BRDA:44,9,0,4096
BRDA:44,9,1,0
BRDA:50,10,0,1280
BRDA:50,10,1,3840
BRDA:51,11,0,1280
BRDA:51,11,1,2560
BRDA:52,12,0,1280
BRDA:52,12,1,1280
BRDA:54,13,0,5120
BRDA:54,13,1,0
BRDA:73,14,0,0
BRDA:73,14,1,16
BRDA:77,15,0,1024
BRDA:77,15,1,864
BRDA:78,16,0,1024
BRDA:78,16,1,864
BRDA:87,17,0,15
BRDA:97,18,0,16
BRDA:97,18,1,0
BRDA:98,19,0,16
BRDA:98,19,1,0
BRDA:99,20,0,16
BRDA:99,20,1,0
BRDA:100,21,0,16
BRDA:100,21,1,0
BRDA:101,22,0,16
BRDA:101,22,1,0
BRDA:105,23,0,32
BRF:46
BRH:30
end_of_record
TN:
SF:src/utils/transactionUtils.ts
FN:3,(anonymous_0)
FN:30,(anonymous_1)
FN:38,isToday
FN:47,isYesterday
FN:57,getGroupKey
FN:64,getGroupLabel
FN:75,(anonymous_6)
FN:80,(anonymous_7)
FN:91,(anonymous_8)
FN:99,(anonymous_9)
FNF:10
FNH:10
FNDA:8,(anonymous_0)
FNDA:4,(anonymous_1)
FNDA:8,isToday
FNDA:2,isYesterday
FNDA:8,getGroupKey
FNDA:6,getGroupLabel
FNDA:6,(anonymous_6)
FNDA:3,(anonymous_7)
FNDA:1,(anonymous_8)
FNDA:6,(anonymous_9)
DA:3,1
DA:4,8
DA:5,8
DA:6,8
DA:8,8
DA:30,1
DA:31,4
DA:32,4
DA:39,8
DA:40,8
DA:48,2
DA:49,2
DA:50,2
DA:58,8
DA:59,2
DA:61,0
DA:65,6
DA:66,2
DA:68,0
DA:69,0
DA:70,0
DA:75,1
DA:79,6
DA:80,3
DA:83,6
DA:84,6
DA:85,8
DA:86,8
DA:87,8
DA:91,6
DA:92,1
DA:93,1
DA:94,0
DA:95,0
DA:96,0
DA:99,6
LF:36
LH:29
BRDA:4,0,0,8
BRDA:4,0,1,1
BRDA:11,1,0,7
BRDA:11,1,1,1
BRDA:12,2,0,7
BRDA:12,2,1,0
BRDA:13,3,0,1
BRDA:13,3,1,0
BRDA:14,4,0,1
BRDA:14,4,1,7
BRDA:21,5,0,8
BRDA:21,5,1,1
BRDA:23,6,0,8
BRDA:23,6,1,0
BRDA:24,7,0,8
BRDA:24,7,1,0
BRDA:25,8,0,8
BRDA:25,8,1,0
BRDA:30,9,0,1
BRDA:31,10,0,3
BRDA:31,10,1,1
BRDA:41,11,0,8
BRDA:41,11,1,6
BRDA:41,11,2,6
BRDA:51,12,0,2
BRDA:51,12,1,2
BRDA:51,12,2,2
BRDA:58,13,0,6
BRDA:58,13,1,2
BRDA:59,14,0,2
BRDA:59,14,1,0
BRDA:65,15,0,4
BRDA:65,15,1,2
BRDA:66,16,0,2
BRDA:66,16,1,0
BRDA:70,17,0,0
BRDA:70,17,1,0
BRDA:86,18,0,6
BRDA:86,18,1,2
BRDA:92,19,0,0
BRDA:92,19,1,1
BRDA:93,20,0,1
BRDA:93,20,1,0
BRDA:94,21,0,0
BRDA:94,21,1,0
BRDA:95,22,0,0
BRDA:95,22,1,0
BRF:47
BRH:32
end_of_record
TN:
SF:src/utils/validation.ts
FN:5,isValidEmail
FN:15,isValidPhone
FN:27,getPasswordRules
FN:37,isValidPassword
FN:38,(anonymous_4)
FN:46,isValidName
FN:53,sanitizeText
FNF:7
FNH:7
FNDA:8,isValidEmail
FNDA:7,isValidPhone
FNDA:12,getPasswordRules
FNDA:7,isValidPassword
FNDA:25,(anonymous_4)
FNDA:7,isValidName
FNDA:4,sanitizeText
DA:3,1
DA:6,8
DA:13,1
DA:16,7
DA:17,7
DA:28,12
DA:38,25
DA:44,1
DA:47,7
DA:54,4
LF:10
LH:10
BRDA:17,0,0,7
BRDA:17,0,1,6
BRDA:17,0,2,5
BRF:3
BRH:3
end_of_record
